{"C:\\Users\\DELL\\Documents\\backend-application-ecommerce\\src\\app.ts": {"path":"C:\\Users\\DELL\\Documents\\backend-application-ecommerce\\src\\app.ts","statementMap":{"0":{"start":{"line":1,"column":0},"end":{"line":1,"column":30}},"1":{"start":{"line":2,"column":0},"end":{"line":2,"column":28}},"2":{"start":{"line":3,"column":0},"end":{"line":3,"column":24}},"3":{"start":{"line":4,"column":0},"end":{"line":4,"column":30}},"4":{"start":{"line":5,"column":0},"end":{"line":5,"column":54}},"5":{"start":{"line":6,"column":0},"end":{"line":6,"column":43}},"6":{"start":{"line":7,"column":0},"end":{"line":7,"column":20}},"7":{"start":{"line":8,"column":0},"end":{"line":8,"column":24}},"8":{"start":{"line":10,"column":12},"end":{"line":10,"column":21}},"9":{"start":{"line":13,"column":0},"end":{"line":13,"column":18}},"10":{"start":{"line":14,"column":0},"end":{"line":14,"column":16}},"11":{"start":{"line":15,"column":0},"end":{"line":15,"column":24}},"12":{"start":{"line":18,"column":0},"end":{"line":20,"column":3}},"13":{"start":{"line":19,"column":2},"end":{"line":19,"column":61}},"14":{"start":{"line":23,"column":0},"end":{"line":23,"column":24}},"15":{"start":{"line":26,"column":0},"end":{"line":43,"column":1}},"16":{"start":{"line":27,"column":22},"end":{"line":27,"column":64}},"17":{"start":{"line":28,"column":2},"end":{"line":40,"column":3}},"18":{"start":{"line":29,"column":23},"end":{"line":29,"column":59}},"19":{"start":{"line":31,"column":4},"end":{"line":37,"column":6}},"20":{"start":{"line":39,"column":4},"end":{"line":39,"column":90}},"21":{"start":{"line":42,"column":2},"end":{"line":42,"column":52}},"22":{"start":{"line":46,"column":0},"end":{"line":46,"column":22}},"23":{"start":{"line":48,"column":0},"end":{"line":48,"column":19}}},"fnMap":{"0":{"name":"(anonymous_1)","decl":{"start":{"line":18,"column":13},"end":{"line":18,"column":14}},"loc":{"start":{"line":18,"column":27},"end":{"line":20,"column":1}}}},"branchMap":{"0":{"loc":{"start":{"line":28,"column":2},"end":{"line":40,"column":3}},"type":"if","locations":[{"start":{"line":28,"column":2},"end":{"line":40,"column":3}},{"start":{"line":38,"column":9},"end":{"line":40,"column":3}}]}},"s":{"0":1,"1":1,"2":1,"3":1,"4":1,"5":1,"6":1,"7":1,"8":1,"9":1,"10":1,"11":1,"12":1,"13":0,"14":1,"15":1,"16":1,"17":1,"18":1,"19":1,"20":0,"21":0,"22":1,"23":1},"f":{"0":0},"b":{"0":[1,0]}}
,"C:\\Users\\DELL\\Documents\\backend-application-ecommerce\\src\\config\\firebase.ts": {"path":"C:\\Users\\DELL\\Documents\\backend-application-ecommerce\\src\\config\\firebase.ts","statementMap":{"0":{"start":{"line":68,"column":0},"end":{"line":68,"column":16}},"1":{"start":{"line":2,"column":0},"end":{"line":2,"column":35}},"2":{"start":{"line":3,"column":0},"end":{"line":3,"column":20}},"3":{"start":{"line":4,"column":0},"end":{"line":4,"column":24}},"4":{"start":{"line":5,"column":0},"end":{"line":5,"column":28}},"5":{"start":{"line":6,"column":0},"end":{"line":6,"column":16}},"6":{"start":{"line":10,"column":22},"end":{"line":10,"column":100}},"7":{"start":{"line":11,"column":2},"end":{"line":11,"column":32}},"8":{"start":{"line":11,"column":20},"end":{"line":11,"column":32}},"9":{"start":{"line":12,"column":2},"end":{"line":23,"column":3}},"10":{"start":{"line":13,"column":21},"end":{"line":13,"column":46}},"11":{"start":{"line":14,"column":4},"end":{"line":17,"column":5}},"12":{"start":{"line":15,"column":6},"end":{"line":15,"column":77}},"13":{"start":{"line":16,"column":6},"end":{"line":16,"column":18}},"14":{"start":{"line":18,"column":16},"end":{"line":18,"column":49}},"15":{"start":{"line":19,"column":4},"end":{"line":19,"column":27}},"16":{"start":{"line":21,"column":4},"end":{"line":21,"column":68}},"17":{"start":{"line":22,"column":4},"end":{"line":22,"column":16}},"18":{"start":{"line":27,"column":20},"end":{"line":27,"column":51}},"19":{"start":{"line":28,"column":22},"end":{"line":28,"column":55}},"20":{"start":{"line":29,"column":24},"end":{"line":29,"column":56}},"21":{"start":{"line":30,"column":2},"end":{"line":30,"column":64}},"22":{"start":{"line":30,"column":52},"end":{"line":30,"column":64}},"23":{"start":{"line":32,"column":21},"end":{"line":32,"column":56}},"24":{"start":{"line":33,"column":2},"end":{"line":37,"column":28}},"25":{"start":{"line":40,"column":19},"end":{"line":40,"column":47}},"26":{"start":{"line":41,"column":18},"end":{"line":41,"column":65}},"27":{"start":{"line":43,"column":0},"end":{"line":61,"column":1}},"28":{"start":{"line":44,"column":2},"end":{"line":58,"column":3}},"29":{"start":{"line":45,"column":4},"end":{"line":57,"column":5}},"30":{"start":{"line":46,"column":6},"end":{"line":48,"column":9}},"31":{"start":{"line":49,"column":6},"end":{"line":49,"column":77}},"32":{"start":{"line":50,"column":11},"end":{"line":57,"column":5}},"33":{"start":{"line":51,"column":6},"end":{"line":53,"column":9}},"34":{"start":{"line":54,"column":6},"end":{"line":54,"column":69}},"35":{"start":{"line":56,"column":6},"end":{"line":56,"column":146}},"36":{"start":{"line":60,"column":2},"end":{"line":60,"column":55}},"37":{"start":{"line":63,"column":13},"end":{"line":63,"column":99}},"38":{"start":{"line":64,"column":13},"end":{"line":64,"column":60}},"39":{"start":{"line":65,"column":0},"end":{"line":65,"column":21}},"40":{"start":{"line":69,"column":2},"end":{"line":69,"column":116}},"41":{"start":{"line":69,"column":11},"end":{"line":69,"column":116}},"42":{"start":{"line":70,"column":2},"end":{"line":70,"column":12}}},"fnMap":{"0":{"name":"loadServiceAccountFromPath","decl":{"start":{"line":9,"column":9},"end":{"line":9,"column":35}},"loc":{"start":{"line":9,"column":35},"end":{"line":24,"column":1}}},"1":{"name":"loadServiceAccountFromEnv","decl":{"start":{"line":26,"column":9},"end":{"line":26,"column":34}},"loc":{"start":{"line":26,"column":34},"end":{"line":38,"column":1}}},"2":{"name":"getDb","decl":{"start":{"line":68,"column":16},"end":{"line":68,"column":21}},"loc":{"start":{"line":68,"column":21},"end":{"line":71,"column":1}}}},"branchMap":{"0":{"loc":{"start":{"line":10,"column":22},"end":{"line":10,"column":100}},"type":"binary-expr","locations":[{"start":{"line":10,"column":22},"end":{"line":10,"column":54}},{"start":{"line":10,"column":58},"end":{"line":10,"column":100}}]},"1":{"loc":{"start":{"line":11,"column":2},"end":{"line":11,"column":32}},"type":"if","locations":[{"start":{"line":11,"column":2},"end":{"line":11,"column":32}},{"start":{},"end":{}}]},"2":{"loc":{"start":{"line":14,"column":4},"end":{"line":17,"column":5}},"type":"if","locations":[{"start":{"line":14,"column":4},"end":{"line":17,"column":5}},{"start":{},"end":{}}]},"3":{"loc":{"start":{"line":30,"column":2},"end":{"line":30,"column":64}},"type":"if","locations":[{"start":{"line":30,"column":2},"end":{"line":30,"column":64}},{"start":{},"end":{}}]},"4":{"loc":{"start":{"line":30,"column":6},"end":{"line":30,"column":50}},"type":"binary-expr","locations":[{"start":{"line":30,"column":6},"end":{"line":30,"column":16}},{"start":{"line":30,"column":20},"end":{"line":30,"column":32}},{"start":{"line":30,"column":36},"end":{"line":30,"column":50}}]},"5":{"loc":{"start":{"line":41,"column":18},"end":{"line":41,"column":65}},"type":"cond-expr","locations":[{"start":{"line":41,"column":31},"end":{"line":41,"column":35}},{"start":{"line":41,"column":38},"end":{"line":41,"column":65}}]},"6":{"loc":{"start":{"line":44,"column":2},"end":{"line":58,"column":3}},"type":"if","locations":[{"start":{"line":44,"column":2},"end":{"line":58,"column":3}},{"start":{},"end":{}}]},"7":{"loc":{"start":{"line":45,"column":4},"end":{"line":57,"column":5}},"type":"if","locations":[{"start":{"line":45,"column":4},"end":{"line":57,"column":5}},{"start":{"line":50,"column":11},"end":{"line":57,"column":5}}]},"8":{"loc":{"start":{"line":50,"column":11},"end":{"line":57,"column":5}},"type":"if","locations":[{"start":{"line":50,"column":11},"end":{"line":57,"column":5}},{"start":{"line":55,"column":11},"end":{"line":57,"column":5}}]},"9":{"loc":{"start":{"line":63,"column":54},"end":{"line":63,"column":98}},"type":"cond-expr","locations":[{"start":{"line":63,"column":74},"end":{"line":63,"column":91}},{"start":{"line":63,"column":94},"end":{"line":63,"column":98}}]},"10":{"loc":{"start":{"line":64,"column":20},"end":{"line":64,"column":59}},"type":"cond-expr","locations":[{"start":{"line":64,"column":40},"end":{"line":64,"column":52}},{"start":{"line":64,"column":55},"end":{"line":64,"column":59}}]},"11":{"loc":{"start":{"line":69,"column":2},"end":{"line":69,"column":116}},"type":"if","locations":[{"start":{"line":69,"column":2},"end":{"line":69,"column":116}},{"start":{},"end":{}}]}},"s":{"0":0,"1":0,"2":0,"3":0,"4":0,"5":0,"6":0,"7":0,"8":0,"9":0,"10":0,"11":0,"12":0,"13":0,"14":0,"15":0,"16":0,"17":0,"18":0,"19":0,"20":0,"21":0,"22":0,"23":0,"24":0,"25":0,"26":0,"27":0,"28":0,"29":0,"30":0,"31":0,"32":0,"33":0,"34":0,"35":0,"36":0,"37":0,"38":0,"39":0,"40":0,"41":0,"42":0},"f":{"0":0,"1":0,"2":0},"b":{"0":[0,0],"1":[0,0],"2":[0,0],"3":[0,0],"4":[0,0,0],"5":[0,0],"6":[0,0],"7":[0,0],"8":[0,0],"9":[0,0],"10":[0,0],"11":[0,0]}}
,"C:\\Users\\DELL\\Documents\\backend-application-ecommerce\\src\\controllers\\customers.controller.ts": {"path":"C:\\Users\\DELL\\Documents\\backend-application-ecommerce\\src\\controllers\\customers.controller.ts","statementMap":{"0":{"start":{"line":3,"column":0},"end":{"line":3,"column":61}},"1":{"start":{"line":5,"column":30},"end":{"line":12,"column":2}},"2":{"start":{"line":5,"column":88},"end":{"line":12,"column":2}},"3":{"start":{"line":6,"column":2},"end":{"line":11,"column":3}},"4":{"start":{"line":7,"column":20},"end":{"line":7,"column":67}},"5":{"start":{"line":8,"column":4},"end":{"line":8,"column":34}},"6":{"start":{"line":10,"column":4},"end":{"line":10,"column":14}},"7":{"start":{"line":5,"column":13},"end":{"line":5,"column":30}},"8":{"start":{"line":14,"column":29},"end":{"line":22,"column":2}},"9":{"start":{"line":14,"column":87},"end":{"line":22,"column":2}},"10":{"start":{"line":15,"column":2},"end":{"line":21,"column":3}},"11":{"start":{"line":16,"column":14},"end":{"line":16,"column":29}},"12":{"start":{"line":17,"column":17},"end":{"line":17,"column":56}},"13":{"start":{"line":18,"column":4},"end":{"line":18,"column":19}},"14":{"start":{"line":20,"column":4},"end":{"line":20,"column":14}},"15":{"start":{"line":14,"column":13},"end":{"line":14,"column":29}},"16":{"start":{"line":24,"column":27},"end":{"line":32,"column":2}},"17":{"start":{"line":24,"column":85},"end":{"line":32,"column":2}},"18":{"start":{"line":25,"column":2},"end":{"line":31,"column":3}},"19":{"start":{"line":26,"column":21},"end":{"line":26,"column":70}},"20":{"start":{"line":27,"column":4},"end":{"line":27,"column":80}},"21":{"start":{"line":27,"column":19},"end":{"line":27,"column":80}},"22":{"start":{"line":28,"column":4},"end":{"line":28,"column":23}},"23":{"start":{"line":30,"column":4},"end":{"line":30,"column":14}},"24":{"start":{"line":24,"column":13},"end":{"line":24,"column":27}},"25":{"start":{"line":34,"column":30},"end":{"line":41,"column":2}},"26":{"start":{"line":34,"column":88},"end":{"line":41,"column":2}},"27":{"start":{"line":35,"column":2},"end":{"line":40,"column":3}},"28":{"start":{"line":36,"column":20},"end":{"line":36,"column":82}},"29":{"start":{"line":37,"column":4},"end":{"line":37,"column":22}},"30":{"start":{"line":39,"column":4},"end":{"line":39,"column":14}},"31":{"start":{"line":34,"column":13},"end":{"line":34,"column":30}},"32":{"start":{"line":43,"column":30},"end":{"line":50,"column":2}},"33":{"start":{"line":43,"column":88},"end":{"line":50,"column":2}},"34":{"start":{"line":44,"column":2},"end":{"line":49,"column":3}},"35":{"start":{"line":45,"column":4},"end":{"line":45,"column":57}},"36":{"start":{"line":46,"column":4},"end":{"line":46,"column":27}},"37":{"start":{"line":48,"column":4},"end":{"line":48,"column":14}},"38":{"start":{"line":43,"column":13},"end":{"line":43,"column":30}}},"fnMap":{"0":{"name":"(anonymous_8)","decl":{"start":{"line":5,"column":30},"end":{"line":5,"column":37}},"loc":{"start":{"line":5,"column":88},"end":{"line":12,"column":2}}},"1":{"name":"(anonymous_9)","decl":{"start":{"line":5,"column":88},"end":{"line":5,"column":null}},"loc":{"start":{"line":5,"column":88},"end":{"line":12,"column":1}}},"2":{"name":"(anonymous_10)","decl":{"start":{"line":14,"column":29},"end":{"line":14,"column":36}},"loc":{"start":{"line":14,"column":87},"end":{"line":22,"column":2}}},"3":{"name":"(anonymous_11)","decl":{"start":{"line":14,"column":87},"end":{"line":14,"column":null}},"loc":{"start":{"line":14,"column":87},"end":{"line":22,"column":1}}},"4":{"name":"(anonymous_12)","decl":{"start":{"line":24,"column":27},"end":{"line":24,"column":34}},"loc":{"start":{"line":24,"column":85},"end":{"line":32,"column":2}}},"5":{"name":"(anonymous_13)","decl":{"start":{"line":24,"column":85},"end":{"line":24,"column":null}},"loc":{"start":{"line":24,"column":85},"end":{"line":32,"column":1}}},"6":{"name":"(anonymous_14)","decl":{"start":{"line":34,"column":30},"end":{"line":34,"column":37}},"loc":{"start":{"line":34,"column":88},"end":{"line":41,"column":2}}},"7":{"name":"(anonymous_15)","decl":{"start":{"line":34,"column":88},"end":{"line":34,"column":null}},"loc":{"start":{"line":34,"column":88},"end":{"line":41,"column":1}}},"8":{"name":"(anonymous_16)","decl":{"start":{"line":43,"column":30},"end":{"line":43,"column":37}},"loc":{"start":{"line":43,"column":88},"end":{"line":50,"column":2}}},"9":{"name":"(anonymous_17)","decl":{"start":{"line":43,"column":88},"end":{"line":43,"column":null}},"loc":{"start":{"line":43,"column":88},"end":{"line":50,"column":1}}}},"branchMap":{"0":{"loc":{"start":{"line":16,"column":14},"end":{"line":16,"column":29}},"type":"binary-expr","locations":[{"start":{"line":16,"column":14},"end":{"line":16,"column":23}},{"start":{"line":16,"column":27},"end":{"line":16,"column":29}}]},"1":{"loc":{"start":{"line":27,"column":4},"end":{"line":27,"column":80}},"type":"if","locations":[{"start":{"line":27,"column":4},"end":{"line":27,"column":80}},{"start":{},"end":{}}]}},"s":{"0":0,"1":0,"2":0,"3":0,"4":0,"5":0,"6":0,"7":0,"8":0,"9":0,"10":0,"11":0,"12":0,"13":0,"14":0,"15":0,"16":0,"17":0,"18":0,"19":0,"20":0,"21":0,"22":0,"23":0,"24":0,"25":0,"26":0,"27":0,"28":0,"29":0,"30":0,"31":0,"32":0,"33":0,"34":0,"35":0,"36":0,"37":0,"38":0},"f":{"0":0,"1":0,"2":0,"3":0,"4":0,"5":0,"6":0,"7":0,"8":0,"9":0},"b":{"0":[0,0],"1":[0,0]}}
,"C:\\Users\\DELL\\Documents\\backend-application-ecommerce\\src\\controllers\\orders.controller.ts": {"path":"C:\\Users\\DELL\\Documents\\backend-application-ecommerce\\src\\controllers\\orders.controller.ts","statementMap":{"0":{"start":{"line":5,"column":0},"end":{"line":5,"column":22}},"1":{"start":{"line":3,"column":0},"end":{"line":3,"column":55}},"2":{"start":{"line":6,"column":2},"end":{"line":30,"column":3}},"3":{"start":{"line":7,"column":59},"end":{"line":7,"column":73}},"4":{"start":{"line":10,"column":4},"end":{"line":12,"column":5}},"5":{"start":{"line":11,"column":6},"end":{"line":11,"column":92}},"6":{"start":{"line":14,"column":4},"end":{"line":16,"column":5}},"7":{"start":{"line":15,"column":6},"end":{"line":15,"column":96}},"8":{"start":{"line":19,"column":4},"end":{"line":23,"column":5}},"9":{"start":{"line":20,"column":6},"end":{"line":22,"column":7}},"10":{"start":{"line":21,"column":8},"end":{"line":21,"column":111}},"11":{"start":{"line":25,"column":18},"end":{"line":25,"column":112}},"12":{"start":{"line":27,"column":4},"end":{"line":27,"column":39}},"13":{"start":{"line":29,"column":4},"end":{"line":29,"column":21}},"14":{"start":{"line":33,"column":26},"end":{"line":41,"column":2}},"15":{"start":{"line":33,"column":84},"end":{"line":41,"column":2}},"16":{"start":{"line":34,"column":2},"end":{"line":40,"column":3}},"17":{"start":{"line":35,"column":14},"end":{"line":35,"column":29}},"18":{"start":{"line":36,"column":19},"end":{"line":36,"column":52}},"19":{"start":{"line":37,"column":4},"end":{"line":37,"column":21}},"20":{"start":{"line":39,"column":4},"end":{"line":39,"column":14}},"21":{"start":{"line":33,"column":13},"end":{"line":33,"column":26}},"22":{"start":{"line":43,"column":24},"end":{"line":51,"column":2}},"23":{"start":{"line":43,"column":82},"end":{"line":51,"column":2}},"24":{"start":{"line":44,"column":2},"end":{"line":50,"column":3}},"25":{"start":{"line":45,"column":18},"end":{"line":45,"column":61}},"26":{"start":{"line":46,"column":4},"end":{"line":46,"column":74}},"27":{"start":{"line":46,"column":16},"end":{"line":46,"column":74}},"28":{"start":{"line":47,"column":4},"end":{"line":47,"column":20}},"29":{"start":{"line":49,"column":4},"end":{"line":49,"column":14}},"30":{"start":{"line":43,"column":13},"end":{"line":43,"column":24}},"31":{"start":{"line":53,"column":33},"end":{"line":60,"column":2}},"32":{"start":{"line":53,"column":91},"end":{"line":60,"column":2}},"33":{"start":{"line":54,"column":2},"end":{"line":59,"column":3}},"34":{"start":{"line":55,"column":20},"end":{"line":55,"column":89}},"35":{"start":{"line":56,"column":4},"end":{"line":56,"column":22}},"36":{"start":{"line":58,"column":4},"end":{"line":58,"column":14}},"37":{"start":{"line":53,"column":13},"end":{"line":53,"column":33}}},"fnMap":{"0":{"name":"createOrderHandler","decl":{"start":{"line":5,"column":22},"end":{"line":5,"column":40}},"loc":{"start":{"line":5,"column":88},"end":{"line":31,"column":null}}},"1":{"name":"(anonymous_10)","decl":{"start":{"line":33,"column":26},"end":{"line":33,"column":33}},"loc":{"start":{"line":33,"column":84},"end":{"line":41,"column":2}}},"2":{"name":"(anonymous_11)","decl":{"start":{"line":33,"column":84},"end":{"line":33,"column":null}},"loc":{"start":{"line":33,"column":84},"end":{"line":41,"column":1}}},"3":{"name":"(anonymous_12)","decl":{"start":{"line":43,"column":24},"end":{"line":43,"column":31}},"loc":{"start":{"line":43,"column":82},"end":{"line":51,"column":2}}},"4":{"name":"(anonymous_13)","decl":{"start":{"line":43,"column":82},"end":{"line":43,"column":null}},"loc":{"start":{"line":43,"column":82},"end":{"line":51,"column":1}}},"5":{"name":"(anonymous_14)","decl":{"start":{"line":53,"column":33},"end":{"line":53,"column":40}},"loc":{"start":{"line":53,"column":91},"end":{"line":60,"column":2}}},"6":{"name":"(anonymous_15)","decl":{"start":{"line":53,"column":91},"end":{"line":53,"column":null}},"loc":{"start":{"line":53,"column":91},"end":{"line":60,"column":1}}}},"branchMap":{"0":{"loc":{"start":{"line":7,"column":59},"end":{"line":7,"column":73}},"type":"cond-expr","locations":[{"start":{"line":7,"column":67},"end":{"line":7,"column":71}},{"start":{"line":7,"column":71},"end":{"line":7,"column":73}}]},"1":{"loc":{"start":{"line":7,"column":59},"end":{"line":7,"column":71}},"type":"binary-expr","locations":[{"start":{"line":7,"column":59},"end":{"line":7,"column":71}},{"start":{"line":7,"column":67},"end":{"line":7,"column":71}}]},"2":{"loc":{"start":{"line":10,"column":4},"end":{"line":12,"column":5}},"type":"if","locations":[{"start":{"line":10,"column":4},"end":{"line":12,"column":5}},{"start":{},"end":{}}]},"3":{"loc":{"start":{"line":10,"column":8},"end":{"line":10,"column":53}},"type":"binary-expr","locations":[{"start":{"line":10,"column":8},"end":{"line":10,"column":19}},{"start":{"line":10,"column":23},"end":{"line":10,"column":53}}]},"4":{"loc":{"start":{"line":14,"column":4},"end":{"line":16,"column":5}},"type":"if","locations":[{"start":{"line":14,"column":4},"end":{"line":16,"column":5}},{"start":{},"end":{}}]},"5":{"loc":{"start":{"line":14,"column":8},"end":{"line":14,"column":51}},"type":"binary-expr","locations":[{"start":{"line":14,"column":8},"end":{"line":14,"column":29}},{"start":{"line":14,"column":33},"end":{"line":14,"column":51}}]},"6":{"loc":{"start":{"line":20,"column":6},"end":{"line":22,"column":7}},"type":"if","locations":[{"start":{"line":20,"column":6},"end":{"line":22,"column":7}},{"start":{},"end":{}}]},"7":{"loc":{"start":{"line":20,"column":10},"end":{"line":20,"column":84}},"type":"binary-expr","locations":[{"start":{"line":20,"column":10},"end":{"line":20,"column":13}},{"start":{"line":20,"column":17},"end":{"line":20,"column":49}},{"start":{"line":20,"column":53},"end":{"line":20,"column":84}}]},"8":{"loc":{"start":{"line":25,"column":69},"end":{"line":25,"column":83}},"type":"binary-expr","locations":[{"start":{"line":25,"column":69},"end":{"line":25,"column":77}},{"start":{"line":25,"column":81},"end":{"line":25,"column":83}}]},"9":{"loc":{"start":{"line":25,"column":85},"end":{"line":25,"column":111}},"type":"binary-expr","locations":[{"start":{"line":25,"column":85},"end":{"line":25,"column":98}},{"start":{"line":25,"column":102},"end":{"line":25,"column":111}}]},"10":{"loc":{"start":{"line":35,"column":14},"end":{"line":35,"column":29}},"type":"binary-expr","locations":[{"start":{"line":35,"column":14},"end":{"line":35,"column":23}},{"start":{"line":35,"column":27},"end":{"line":35,"column":29}}]},"11":{"loc":{"start":{"line":46,"column":4},"end":{"line":46,"column":74}},"type":"if","locations":[{"start":{"line":46,"column":4},"end":{"line":46,"column":74}},{"start":{},"end":{}}]}},"s":{"0":1,"1":1,"2":0,"3":0,"4":0,"5":0,"6":0,"7":0,"8":0,"9":0,"10":0,"11":0,"12":0,"13":0,"14":1,"15":0,"16":0,"17":0,"18":0,"19":0,"20":0,"21":1,"22":1,"23":0,"24":0,"25":0,"26":0,"27":0,"28":0,"29":0,"30":1,"31":1,"32":0,"33":0,"34":0,"35":0,"36":0,"37":1},"f":{"0":0,"1":0,"2":0,"3":0,"4":0,"5":0,"6":0},"b":{"0":[0,0],"1":[0,0],"2":[0,0],"3":[0,0],"4":[0,0],"5":[0,0],"6":[0,0],"7":[0,0,0],"8":[0,0],"9":[0,0],"10":[0,0],"11":[0,0]}}
,"C:\\Users\\DELL\\Documents\\backend-application-ecommerce\\src\\controllers\\products.controller.ts": {"path":"C:\\Users\\DELL\\Documents\\backend-application-ecommerce\\src\\controllers\\products.controller.ts","statementMap":{"0":{"start":{"line":2,"column":0},"end":{"line":2,"column":59}},"1":{"start":{"line":4,"column":29},"end":{"line":11,"column":2}},"2":{"start":{"line":4,"column":87},"end":{"line":11,"column":2}},"3":{"start":{"line":5,"column":2},"end":{"line":10,"column":3}},"4":{"start":{"line":6,"column":20},"end":{"line":6,"column":65}},"5":{"start":{"line":7,"column":4},"end":{"line":7,"column":34}},"6":{"start":{"line":9,"column":4},"end":{"line":9,"column":14}},"7":{"start":{"line":4,"column":13},"end":{"line":4,"column":29}},"8":{"start":{"line":13,"column":28},"end":{"line":20,"column":2}},"9":{"start":{"line":13,"column":86},"end":{"line":20,"column":2}},"10":{"start":{"line":14,"column":2},"end":{"line":19,"column":3}},"11":{"start":{"line":15,"column":21},"end":{"line":15,"column":66}},"12":{"start":{"line":16,"column":4},"end":{"line":16,"column":23}},"13":{"start":{"line":18,"column":4},"end":{"line":18,"column":14}},"14":{"start":{"line":13,"column":13},"end":{"line":13,"column":28}},"15":{"start":{"line":22,"column":26},"end":{"line":30,"column":2}},"16":{"start":{"line":22,"column":84},"end":{"line":30,"column":2}},"17":{"start":{"line":23,"column":2},"end":{"line":29,"column":3}},"18":{"start":{"line":24,"column":14},"end":{"line":24,"column":61}},"19":{"start":{"line":25,"column":4},"end":{"line":25,"column":72}},"20":{"start":{"line":25,"column":12},"end":{"line":25,"column":72}},"21":{"start":{"line":26,"column":4},"end":{"line":26,"column":16}},"22":{"start":{"line":28,"column":4},"end":{"line":28,"column":14}},"23":{"start":{"line":22,"column":13},"end":{"line":22,"column":26}},"24":{"start":{"line":32,"column":29},"end":{"line":39,"column":2}},"25":{"start":{"line":32,"column":87},"end":{"line":39,"column":2}},"26":{"start":{"line":33,"column":2},"end":{"line":38,"column":3}},"27":{"start":{"line":34,"column":20},"end":{"line":34,"column":80}},"28":{"start":{"line":35,"column":4},"end":{"line":35,"column":22}},"29":{"start":{"line":37,"column":4},"end":{"line":37,"column":14}},"30":{"start":{"line":32,"column":13},"end":{"line":32,"column":29}},"31":{"start":{"line":41,"column":29},"end":{"line":48,"column":2}},"32":{"start":{"line":41,"column":87},"end":{"line":48,"column":2}},"33":{"start":{"line":42,"column":2},"end":{"line":47,"column":3}},"34":{"start":{"line":43,"column":4},"end":{"line":43,"column":55}},"35":{"start":{"line":44,"column":4},"end":{"line":44,"column":27}},"36":{"start":{"line":46,"column":4},"end":{"line":46,"column":14}},"37":{"start":{"line":41,"column":13},"end":{"line":41,"column":29}}},"fnMap":{"0":{"name":"(anonymous_8)","decl":{"start":{"line":4,"column":29},"end":{"line":4,"column":36}},"loc":{"start":{"line":4,"column":87},"end":{"line":11,"column":2}}},"1":{"name":"(anonymous_9)","decl":{"start":{"line":4,"column":87},"end":{"line":4,"column":null}},"loc":{"start":{"line":4,"column":87},"end":{"line":11,"column":1}}},"2":{"name":"(anonymous_10)","decl":{"start":{"line":13,"column":28},"end":{"line":13,"column":35}},"loc":{"start":{"line":13,"column":86},"end":{"line":20,"column":2}}},"3":{"name":"(anonymous_11)","decl":{"start":{"line":13,"column":86},"end":{"line":13,"column":null}},"loc":{"start":{"line":13,"column":86},"end":{"line":20,"column":1}}},"4":{"name":"(anonymous_12)","decl":{"start":{"line":22,"column":26},"end":{"line":22,"column":33}},"loc":{"start":{"line":22,"column":84},"end":{"line":30,"column":2}}},"5":{"name":"(anonymous_13)","decl":{"start":{"line":22,"column":84},"end":{"line":22,"column":null}},"loc":{"start":{"line":22,"column":84},"end":{"line":30,"column":1}}},"6":{"name":"(anonymous_14)","decl":{"start":{"line":32,"column":29},"end":{"line":32,"column":36}},"loc":{"start":{"line":32,"column":87},"end":{"line":39,"column":2}}},"7":{"name":"(anonymous_15)","decl":{"start":{"line":32,"column":87},"end":{"line":32,"column":null}},"loc":{"start":{"line":32,"column":87},"end":{"line":39,"column":1}}},"8":{"name":"(anonymous_16)","decl":{"start":{"line":41,"column":29},"end":{"line":41,"column":36}},"loc":{"start":{"line":41,"column":87},"end":{"line":48,"column":2}}},"9":{"name":"(anonymous_17)","decl":{"start":{"line":41,"column":87},"end":{"line":41,"column":null}},"loc":{"start":{"line":41,"column":87},"end":{"line":48,"column":1}}}},"branchMap":{"0":{"loc":{"start":{"line":25,"column":4},"end":{"line":25,"column":72}},"type":"if","locations":[{"start":{"line":25,"column":4},"end":{"line":25,"column":72}},{"start":{},"end":{}}]}},"s":{"0":1,"1":1,"2":0,"3":0,"4":0,"5":0,"6":0,"7":1,"8":1,"9":0,"10":0,"11":0,"12":0,"13":0,"14":1,"15":1,"16":0,"17":0,"18":0,"19":0,"20":0,"21":0,"22":0,"23":1,"24":1,"25":0,"26":0,"27":0,"28":0,"29":0,"30":1,"31":1,"32":0,"33":0,"34":0,"35":0,"36":0,"37":1},"f":{"0":0,"1":0,"2":0,"3":0,"4":0,"5":0,"6":0,"7":0,"8":0,"9":0},"b":{"0":[0,0]}}
,"C:\\Users\\DELL\\Documents\\backend-application-ecommerce\\src\\middlewares\\errorHandler.ts": {"path":"C:\\Users\\DELL\\Documents\\backend-application-ecommerce\\src\\middlewares\\errorHandler.ts","statementMap":{"0":{"start":{"line":3,"column":0},"end":{"line":9,"column":2}},"1":{"start":{"line":5,"column":2},"end":{"line":5,"column":21}},"2":{"start":{"line":6,"column":17},"end":{"line":6,"column":34}},"3":{"start":{"line":7,"column":18},"end":{"line":7,"column":56}},"4":{"start":{"line":8,"column":2},"end":{"line":8,"column":46}}},"fnMap":{"0":{"name":"(anonymous_0)","decl":{"start":{"line":3,"column":15},"end":{"line":3,"column":16}},"loc":{"start":{"line":3,"column":77},"end":{"line":9,"column":1}}}},"branchMap":{"0":{"loc":{"start":{"line":6,"column":17},"end":{"line":6,"column":34}},"type":"binary-expr","locations":[{"start":{"line":6,"column":17},"end":{"line":6,"column":27}},{"start":{"line":6,"column":31},"end":{"line":6,"column":34}}]},"1":{"loc":{"start":{"line":7,"column":18},"end":{"line":7,"column":56}},"type":"binary-expr","locations":[{"start":{"line":7,"column":18},"end":{"line":7,"column":29}},{"start":{"line":7,"column":33},"end":{"line":7,"column":56}}]}},"s":{"0":1,"1":0,"2":0,"3":0,"4":0},"f":{"0":0},"b":{"0":[0,0],"1":[0,0]}}
,"C:\\Users\\DELL\\Documents\\backend-application-ecommerce\\src\\middlewares\\validateRequest.ts": {"path":"C:\\Users\\DELL\\Documents\\backend-application-ecommerce\\src\\middlewares\\validateRequest.ts","statementMap":{"0":{"start":{"line":4,"column":0},"end":{"line":8,"column":2}},"1":{"start":{"line":4,"column":35},"end":{"line":8,"column":1}},"2":{"start":{"line":5,"column":20},"end":{"line":5,"column":88}},"3":{"start":{"line":6,"column":2},"end":{"line":6,"column":87}},"4":{"start":{"line":6,"column":13},"end":{"line":6,"column":87}},"5":{"start":{"line":6,"column":73},"end":{"line":6,"column":82}},"6":{"start":{"line":7,"column":2},"end":{"line":7,"column":9}}},"fnMap":{"0":{"name":"(anonymous_0)","decl":{"start":{"line":4,"column":15},"end":{"line":4,"column":16}},"loc":{"start":{"line":4,"column":35},"end":{"line":8,"column":1}}},"1":{"name":"(anonymous_1)","decl":{"start":{"line":4,"column":35},"end":{"line":4,"column":36}},"loc":{"start":{"line":4,"column":87},"end":{"line":8,"column":1}}},"2":{"name":"(anonymous_2)","decl":{"start":{"line":6,"column":68},"end":{"line":6,"column":69}},"loc":{"start":{"line":6,"column":73},"end":{"line":6,"column":82}}}},"branchMap":{"0":{"loc":{"start":{"line":6,"column":2},"end":{"line":6,"column":87}},"type":"if","locations":[{"start":{"line":6,"column":2},"end":{"line":6,"column":87}},{"start":{},"end":{}}]}},"s":{"0":1,"1":2,"2":0,"3":0,"4":0,"5":0,"6":0},"f":{"0":2,"1":0,"2":0},"b":{"0":[0,0]}}
,"C:\\Users\\DELL\\Documents\\backend-application-ecommerce\\src\\repositories\\customers.repo.ts": {"path":"C:\\Users\\DELL\\Documents\\backend-application-ecommerce\\src\\repositories\\customers.repo.ts","statementMap":{"0":{"start":{"line":2,"column":0},"end":{"line":2,"column":40}},"1":{"start":{"line":4,"column":19},"end":{"line":4,"column":30}},"2":{"start":{"line":8,"column":4},"end":{"line":8,"column":74}},"3":{"start":{"line":8,"column":13},"end":{"line":8,"column":74}},"4":{"start":{"line":12,"column":4},"end":{"line":12,"column":20}},"5":{"start":{"line":13,"column":16},"end":{"line":13,"column":48}},"6":{"start":{"line":14,"column":4},"end":{"line":14,"column":23}},"7":{"start":{"line":15,"column":4},"end":{"line":15,"column":34}},"8":{"start":{"line":19,"column":4},"end":{"line":19,"column":20}},"9":{"start":{"line":20,"column":17},"end":{"line":20,"column":63}},"10":{"start":{"line":21,"column":4},"end":{"line":21,"column":34}},"11":{"start":{"line":21,"column":22},"end":{"line":21,"column":34}},"12":{"start":{"line":22,"column":4},"end":{"line":22,"column":43}},"13":{"start":{"line":26,"column":4},"end":{"line":26,"column":20}},"14":{"start":{"line":27,"column":16},"end":{"line":27,"column":50}},"15":{"start":{"line":28,"column":4},"end":{"line":28,"column":30}},"16":{"start":{"line":29,"column":17},"end":{"line":29,"column":32}},"17":{"start":{"line":30,"column":4},"end":{"line":30,"column":43}},"18":{"start":{"line":33,"column":20},"end":{"line":39,"column":null}},"19":{"start":{"line":34,"column":4},"end":{"line":34,"column":20}},"20":{"start":{"line":35,"column":18},"end":{"line":35,"column":62}},"21":{"start":{"line":37,"column":17},"end":{"line":37,"column":68}},"22":{"start":{"line":38,"column":4},"end":{"line":38,"column":61}},"23":{"start":{"line":38,"column":32},"end":{"line":38,"column":59}},"24":{"start":{"line":42,"column":4},"end":{"line":42,"column":20}},"25":{"start":{"line":43,"column":4},"end":{"line":43,"column":54}},"26":{"start":{"line":44,"column":4},"end":{"line":44,"column":16}},"27":{"start":{"line":48,"column":0},"end":{"line":48,"column":29}}},"fnMap":{"0":{"name":"(anonymous_7)","decl":{"start":{"line":7,"column":10},"end":{"line":7,"column":16}},"loc":{"start":{"line":7,"column":25},"end":{"line":9,"column":3}}},"1":{"name":"(anonymous_8)","decl":{"start":{"line":11,"column":2},"end":{"line":11,"column":8}},"loc":{"start":{"line":11,"column":30},"end":{"line":16,"column":null}}},"2":{"name":"(anonymous_10)","decl":{"start":{"line":18,"column":2},"end":{"line":18,"column":8}},"loc":{"start":{"line":18,"column":33},"end":{"line":23,"column":null}}},"3":{"name":"(anonymous_12)","decl":{"start":{"line":25,"column":2},"end":{"line":25,"column":8}},"loc":{"start":{"line":25,"column":46},"end":{"line":31,"column":null}}},"4":{"name":"(anonymous_14)","decl":{"start":{"line":33,"column":2},"end":{"line":33,"column":8}},"loc":{"start":{"line":33,"column":19},"end":{"line":39,"column":null}}},"5":{"name":"(anonymous_15)","decl":{"start":{"line":33,"column":20},"end":{"line":33,"column":33}},"loc":{"start":{"line":33,"column":35},"end":{"line":39,"column":3}}},"6":{"name":"(anonymous_16)","decl":{"start":{"line":38,"column":25},"end":{"line":38,"column":26}},"loc":{"start":{"line":38,"column":32},"end":{"line":38,"column":59}}},"7":{"name":"(anonymous_17)","decl":{"start":{"line":41,"column":2},"end":{"line":41,"column":8}},"loc":{"start":{"line":41,"column":32},"end":{"line":45,"column":null}}}},"branchMap":{"0":{"loc":{"start":{"line":8,"column":4},"end":{"line":8,"column":74}},"type":"if","locations":[{"start":{"line":8,"column":4},"end":{"line":8,"column":74}},{"start":{},"end":{}}]},"1":{"loc":{"start":{"line":21,"column":4},"end":{"line":21,"column":34}},"type":"if","locations":[{"start":{"line":21,"column":4},"end":{"line":21,"column":34}},{"start":{},"end":{}}]},"2":{"loc":{"start":{"line":33,"column":20},"end":{"line":33,"column":35}},"type":"default-arg","locations":[{"start":{"line":33,"column":33},"end":{"line":33,"column":35}}]},"3":{"loc":{"start":{"line":35,"column":18},"end":{"line":35,"column":62}},"type":"cond-expr","locations":[{"start":{"line":35,"column":32},"end":{"line":35,"column":57}},{"start":{"line":35,"column":60},"end":{"line":35,"column":62}}]}},"s":{"0":1,"1":1,"2":0,"3":0,"4":0,"5":0,"6":0,"7":0,"8":0,"9":0,"10":0,"11":0,"12":0,"13":0,"14":0,"15":0,"16":0,"17":0,"18":0,"19":0,"20":0,"21":0,"22":0,"23":0,"24":0,"25":0,"26":0,"27":1},"f":{"0":0,"1":0,"2":0,"3":0,"4":0,"5":0,"6":0,"7":0},"b":{"0":[0,0],"1":[0,0],"2":[0],"3":[0,0]}}
,"C:\\Users\\DELL\\Documents\\backend-application-ecommerce\\src\\repositories\\orders.repo.ts": {"path":"C:\\Users\\DELL\\Documents\\backend-application-ecommerce\\src\\repositories\\orders.repo.ts","statementMap":{"0":{"start":{"line":2,"column":0},"end":{"line":2,"column":40}},"1":{"start":{"line":4,"column":19},"end":{"line":4,"column":27}},"2":{"start":{"line":8,"column":4},"end":{"line":8,"column":71}},"3":{"start":{"line":8,"column":13},"end":{"line":8,"column":71}},"4":{"start":{"line":12,"column":4},"end":{"line":12,"column":20}},"5":{"start":{"line":13,"column":4},"end":{"line":19,"column":5}},"6":{"start":{"line":14,"column":18},"end":{"line":14,"column":50}},"7":{"start":{"line":15,"column":6},"end":{"line":15,"column":25}},"8":{"start":{"line":16,"column":6},"end":{"line":16,"column":36}},"9":{"start":{"line":18,"column":6},"end":{"line":18,"column":16}},"10":{"start":{"line":23,"column":4},"end":{"line":23,"column":20}},"11":{"start":{"line":24,"column":4},"end":{"line":30,"column":5}},"12":{"start":{"line":25,"column":19},"end":{"line":25,"column":65}},"13":{"start":{"line":26,"column":6},"end":{"line":26,"column":36}},"14":{"start":{"line":26,"column":24},"end":{"line":26,"column":36}},"15":{"start":{"line":27,"column":6},"end":{"line":27,"column":45}},"16":{"start":{"line":29,"column":6},"end":{"line":29,"column":16}},"17":{"start":{"line":34,"column":4},"end":{"line":34,"column":20}},"18":{"start":{"line":35,"column":4},"end":{"line":42,"column":5}},"19":{"start":{"line":36,"column":18},"end":{"line":36,"column":52}},"20":{"start":{"line":37,"column":6},"end":{"line":37,"column":32}},"21":{"start":{"line":38,"column":19},"end":{"line":38,"column":34}},"22":{"start":{"line":39,"column":6},"end":{"line":39,"column":45}},"23":{"start":{"line":41,"column":6},"end":{"line":41,"column":16}},"24":{"start":{"line":45,"column":20},"end":{"line":57,"column":null}},"25":{"start":{"line":46,"column":4},"end":{"line":46,"column":20}},"26":{"start":{"line":47,"column":4},"end":{"line":56,"column":5}},"27":{"start":{"line":48,"column":39},"end":{"line":48,"column":65}},"28":{"start":{"line":49,"column":6},"end":{"line":49,"column":78}},"29":{"start":{"line":49,"column":28},"end":{"line":49,"column":78}},"30":{"start":{"line":50,"column":6},"end":{"line":50,"column":66}},"31":{"start":{"line":50,"column":24},"end":{"line":50,"column":66}},"32":{"start":{"line":51,"column":20},"end":{"line":51,"column":64}},"33":{"start":{"line":52,"column":19},"end":{"line":52,"column":45}},"34":{"start":{"line":53,"column":6},"end":{"line":53,"column":61}},"35":{"start":{"line":53,"column":32},"end":{"line":53,"column":59}},"36":{"start":{"line":55,"column":6},"end":{"line":55,"column":16}},"37":{"start":{"line":60,"column":4},"end":{"line":60,"column":20}},"38":{"start":{"line":61,"column":4},"end":{"line":66,"column":5}},"39":{"start":{"line":62,"column":6},"end":{"line":62,"column":56}},"40":{"start":{"line":63,"column":6},"end":{"line":63,"column":13}},"41":{"start":{"line":65,"column":6},"end":{"line":65,"column":16}},"42":{"start":{"line":70,"column":0},"end":{"line":70,"column":26}}},"fnMap":{"0":{"name":"(anonymous_7)","decl":{"start":{"line":7,"column":2},"end":{"line":7,"column":8}},"loc":{"start":{"line":7,"column":17},"end":{"line":9,"column":3}}},"1":{"name":"(anonymous_8)","decl":{"start":{"line":11,"column":2},"end":{"line":11,"column":8}},"loc":{"start":{"line":11,"column":30},"end":{"line":20,"column":null}}},"2":{"name":"(anonymous_10)","decl":{"start":{"line":22,"column":2},"end":{"line":22,"column":8}},"loc":{"start":{"line":22,"column":33},"end":{"line":31,"column":null}}},"3":{"name":"(anonymous_12)","decl":{"start":{"line":33,"column":2},"end":{"line":33,"column":8}},"loc":{"start":{"line":33,"column":46},"end":{"line":43,"column":null}}},"4":{"name":"(anonymous_14)","decl":{"start":{"line":45,"column":2},"end":{"line":45,"column":8}},"loc":{"start":{"line":45,"column":19},"end":{"line":57,"column":null}}},"5":{"name":"(anonymous_15)","decl":{"start":{"line":45,"column":20},"end":{"line":45,"column":33}},"loc":{"start":{"line":45,"column":35},"end":{"line":57,"column":3}}},"6":{"name":"(anonymous_16)","decl":{"start":{"line":53,"column":27},"end":{"line":53,"column":28}},"loc":{"start":{"line":53,"column":32},"end":{"line":53,"column":59}}},"7":{"name":"(anonymous_17)","decl":{"start":{"line":59,"column":2},"end":{"line":59,"column":8}},"loc":{"start":{"line":59,"column":32},"end":{"line":67,"column":null}}}},"branchMap":{"0":{"loc":{"start":{"line":8,"column":4},"end":{"line":8,"column":71}},"type":"if","locations":[{"start":{"line":8,"column":4},"end":{"line":8,"column":71}},{"start":{},"end":{}}]},"1":{"loc":{"start":{"line":26,"column":6},"end":{"line":26,"column":36}},"type":"if","locations":[{"start":{"line":26,"column":6},"end":{"line":26,"column":36}},{"start":{},"end":{}}]},"2":{"loc":{"start":{"line":45,"column":20},"end":{"line":45,"column":35}},"type":"default-arg","locations":[{"start":{"line":45,"column":33},"end":{"line":45,"column":35}}]},"3":{"loc":{"start":{"line":49,"column":6},"end":{"line":49,"column":78}},"type":"if","locations":[{"start":{"line":49,"column":6},"end":{"line":49,"column":78}},{"start":{},"end":{}}]},"4":{"loc":{"start":{"line":50,"column":6},"end":{"line":50,"column":66}},"type":"if","locations":[{"start":{"line":50,"column":6},"end":{"line":50,"column":66}},{"start":{},"end":{}}]},"5":{"loc":{"start":{"line":51,"column":20},"end":{"line":51,"column":64}},"type":"cond-expr","locations":[{"start":{"line":51,"column":34},"end":{"line":51,"column":59}},{"start":{"line":51,"column":62},"end":{"line":51,"column":64}}]}},"s":{"0":1,"1":1,"2":0,"3":0,"4":0,"5":0,"6":0,"7":0,"8":0,"9":0,"10":0,"11":0,"12":0,"13":0,"14":0,"15":0,"16":0,"17":0,"18":0,"19":0,"20":0,"21":0,"22":0,"23":0,"24":0,"25":0,"26":0,"27":0,"28":0,"29":0,"30":0,"31":0,"32":0,"33":0,"34":0,"35":0,"36":0,"37":0,"38":0,"39":0,"40":0,"41":0,"42":1},"f":{"0":0,"1":0,"2":0,"3":0,"4":0,"5":0,"6":0,"7":0},"b":{"0":[0,0],"1":[0,0],"2":[0],"3":[0,0],"4":[0,0],"5":[0,0]}}
,"C:\\Users\\DELL\\Documents\\backend-application-ecommerce\\src\\repositories\\products.repo.ts": {"path":"C:\\Users\\DELL\\Documents\\backend-application-ecommerce\\src\\repositories\\products.repo.ts","statementMap":{"0":{"start":{"line":1,"column":0},"end":{"line":1,"column":40}},"1":{"start":{"line":3,"column":19},"end":{"line":3,"column":29}},"2":{"start":{"line":7,"column":16},"end":{"line":7,"column":48}},"3":{"start":{"line":8,"column":4},"end":{"line":8,"column":23}},"4":{"start":{"line":9,"column":4},"end":{"line":9,"column":34}},"5":{"start":{"line":13,"column":37},"end":{"line":13,"column":63}},"6":{"start":{"line":14,"column":4},"end":{"line":14,"column":70}},"7":{"start":{"line":14,"column":24},"end":{"line":14,"column":70}},"8":{"start":{"line":15,"column":17},"end":{"line":15,"column":40}},"9":{"start":{"line":16,"column":4},"end":{"line":16,"column":59}},"10":{"start":{"line":16,"column":30},"end":{"line":16,"column":57}},"11":{"start":{"line":20,"column":17},"end":{"line":20,"column":63}},"12":{"start":{"line":21,"column":4},"end":{"line":21,"column":34}},"13":{"start":{"line":21,"column":22},"end":{"line":21,"column":34}},"14":{"start":{"line":22,"column":4},"end":{"line":22,"column":43}},"15":{"start":{"line":26,"column":16},"end":{"line":26,"column":50}},"16":{"start":{"line":27,"column":4},"end":{"line":27,"column":30}},"17":{"start":{"line":28,"column":17},"end":{"line":28,"column":32}},"18":{"start":{"line":29,"column":4},"end":{"line":29,"column":43}},"19":{"start":{"line":33,"column":4},"end":{"line":33,"column":54}},"20":{"start":{"line":34,"column":4},"end":{"line":34,"column":11}},"21":{"start":{"line":38,"column":0},"end":{"line":38,"column":28}}},"fnMap":{"0":{"name":"(anonymous_7)","decl":{"start":{"line":6,"column":2},"end":{"line":6,"column":8}},"loc":{"start":{"line":6,"column":30},"end":{"line":10,"column":null}}},"1":{"name":"(anonymous_9)","decl":{"start":{"line":12,"column":2},"end":{"line":12,"column":8}},"loc":{"start":{"line":12,"column":30},"end":{"line":17,"column":null}}},"2":{"name":"(anonymous_11)","decl":{"start":{"line":16,"column":25},"end":{"line":16,"column":26}},"loc":{"start":{"line":16,"column":30},"end":{"line":16,"column":57}}},"3":{"name":"(anonymous_12)","decl":{"start":{"line":19,"column":2},"end":{"line":19,"column":8}},"loc":{"start":{"line":19,"column":33},"end":{"line":23,"column":null}}},"4":{"name":"(anonymous_14)","decl":{"start":{"line":25,"column":2},"end":{"line":25,"column":8}},"loc":{"start":{"line":25,"column":46},"end":{"line":30,"column":null}}},"5":{"name":"(anonymous_16)","decl":{"start":{"line":32,"column":2},"end":{"line":32,"column":8}},"loc":{"start":{"line":32,"column":32},"end":{"line":35,"column":null}}}},"branchMap":{"0":{"loc":{"start":{"line":14,"column":4},"end":{"line":14,"column":70}},"type":"if","locations":[{"start":{"line":14,"column":4},"end":{"line":14,"column":70}},{"start":{},"end":{}}]},"1":{"loc":{"start":{"line":21,"column":4},"end":{"line":21,"column":34}},"type":"if","locations":[{"start":{"line":21,"column":4},"end":{"line":21,"column":34}},{"start":{},"end":{}}]}},"s":{"0":1,"1":1,"2":0,"3":0,"4":0,"5":0,"6":0,"7":0,"8":0,"9":0,"10":0,"11":0,"12":0,"13":0,"14":0,"15":0,"16":0,"17":0,"18":0,"19":0,"20":0,"21":1},"f":{"0":0,"1":0,"2":0,"3":0,"4":0,"5":0},"b":{"0":[0,0],"1":[0,0]}}
,"C:\\Users\\DELL\\Documents\\backend-application-ecommerce\\src\\routes\\customers.routes.ts": {"path":"C:\\Users\\DELL\\Documents\\backend-application-ecommerce\\src\\routes\\customers.routes.ts","statementMap":{"0":{"start":{"line":2,"column":0},"end":{"line":2,"column":33}},"1":{"start":{"line":3,"column":0},"end":{"line":3,"column":66}},"2":{"start":{"line":5,"column":15},"end":{"line":5,"column":23}},"3":{"start":{"line":8,"column":0},"end":{"line":8,"column":44}},"4":{"start":{"line":9,"column":0},"end":{"line":9,"column":42}},"5":{"start":{"line":10,"column":0},"end":{"line":10,"column":43}},"6":{"start":{"line":11,"column":0},"end":{"line":11,"column":46}},"7":{"start":{"line":12,"column":0},"end":{"line":12,"column":49}},"8":{"start":{"line":14,"column":0},"end":{"line":14,"column":22}}},"fnMap":{},"branchMap":{},"s":{"0":0,"1":0,"2":0,"3":0,"4":0,"5":0,"6":0,"7":0,"8":0},"f":{},"b":{}}
,"C:\\Users\\DELL\\Documents\\backend-application-ecommerce\\src\\routes\\index.ts": {"path":"C:\\Users\\DELL\\Documents\\backend-application-ecommerce\\src\\routes\\index.ts","statementMap":{"0":{"start":{"line":1,"column":0},"end":{"line":1,"column":33}},"1":{"start":{"line":2,"column":0},"end":{"line":2,"column":47}},"2":{"start":{"line":3,"column":0},"end":{"line":3,"column":43}},"3":{"start":{"line":6,"column":15},"end":{"line":6,"column":23}},"4":{"start":{"line":7,"column":0},"end":{"line":7,"column":40}},"5":{"start":{"line":8,"column":0},"end":{"line":8,"column":36}},"6":{"start":{"line":11,"column":0},"end":{"line":11,"column":22}}},"fnMap":{},"branchMap":{},"s":{"0":1,"1":1,"2":1,"3":1,"4":1,"5":1,"6":1},"f":{},"b":{}}
,"C:\\Users\\DELL\\Documents\\backend-application-ecommerce\\src\\routes\\orders.routes.ts": {"path":"C:\\Users\\DELL\\Documents\\backend-application-ecommerce\\src\\routes\\orders.routes.ts","statementMap":{"0":{"start":{"line":2,"column":0},"end":{"line":2,"column":33}},"1":{"start":{"line":3,"column":0},"end":{"line":3,"column":63}},"2":{"start":{"line":6,"column":15},"end":{"line":6,"column":23}},"3":{"start":{"line":9,"column":0},"end":{"line":9,"column":39}},"4":{"start":{"line":10,"column":0},"end":{"line":10,"column":40}},"5":{"start":{"line":11,"column":0},"end":{"line":11,"column":56}},"6":{"start":{"line":14,"column":0},"end":{"line":14,"column":22}}},"fnMap":{},"branchMap":{},"s":{"0":1,"1":1,"2":1,"3":1,"4":1,"5":1,"6":1},"f":{},"b":{}}
,"C:\\Users\\DELL\\Documents\\backend-application-ecommerce\\src\\routes\\products.routes.ts": {"path":"C:\\Users\\DELL\\Documents\\backend-application-ecommerce\\src\\routes\\products.routes.ts","statementMap":{"0":{"start":{"line":1,"column":0},"end":{"line":1,"column":33}},"1":{"start":{"line":2,"column":0},"end":{"line":2,"column":65}},"2":{"start":{"line":3,"column":0},"end":{"line":3,"column":61}},"3":{"start":{"line":4,"column":0},"end":{"line":4,"column":91}},"4":{"start":{"line":6,"column":15},"end":{"line":6,"column":23}},"5":{"start":{"line":8,"column":0},"end":{"line":8,"column":81}},"6":{"start":{"line":9,"column":0},"end":{"line":9,"column":41}},"7":{"start":{"line":10,"column":0},"end":{"line":10,"column":42}},"8":{"start":{"line":11,"column":0},"end":{"line":11,"column":83}},"9":{"start":{"line":12,"column":0},"end":{"line":12,"column":48}},"10":{"start":{"line":14,"column":0},"end":{"line":14,"column":22}}},"fnMap":{},"branchMap":{},"s":{"0":1,"1":1,"2":1,"3":1,"4":1,"5":1,"6":1,"7":1,"8":1,"9":1,"10":1},"f":{},"b":{}}
,"C:\\Users\\DELL\\Documents\\backend-application-ecommerce\\src\\services\\customers.service.ts": {"path":"C:\\Users\\DELL\\Documents\\backend-application-ecommerce\\src\\services\\customers.service.ts","statementMap":{"0":{"start":{"line":2,"column":0},"end":{"line":2,"column":59}},"1":{"start":{"line":15,"column":16},"end":{"line":15,"column":40}},"2":{"start":{"line":16,"column":13},"end":{"line":16,"column":60}},"3":{"start":{"line":17,"column":4},"end":{"line":17,"column":37}},"4":{"start":{"line":21,"column":4},"end":{"line":21,"column":37}},"5":{"start":{"line":24,"column":29},"end":{"line":26,"column":null}},"6":{"start":{"line":25,"column":4},"end":{"line":25,"column":37}},"7":{"start":{"line":30,"column":4},"end":{"line":30,"column":45}},"8":{"start":{"line":34,"column":4},"end":{"line":34,"column":114}},"9":{"start":{"line":39,"column":0},"end":{"line":39,"column":32}}},"fnMap":{"0":{"name":"(anonymous_8)","decl":{"start":{"line":14,"column":2},"end":{"line":14,"column":8}},"loc":{"start":{"line":14,"column":50},"end":{"line":18,"column":null}}},"1":{"name":"(anonymous_10)","decl":{"start":{"line":20,"column":2},"end":{"line":20,"column":8}},"loc":{"start":{"line":20,"column":37},"end":{"line":22,"column":null}}},"2":{"name":"(anonymous_12)","decl":{"start":{"line":24,"column":2},"end":{"line":24,"column":8}},"loc":{"start":{"line":24,"column":28},"end":{"line":26,"column":null}}},"3":{"name":"(anonymous_13)","decl":{"start":{"line":24,"column":29},"end":{"line":24,"column":42}},"loc":{"start":{"line":24,"column":44},"end":{"line":26,"column":3}}},"4":{"name":"(anonymous_14)","decl":{"start":{"line":28,"column":2},"end":{"line":28,"column":8}},"loc":{"start":{"line":28,"column":73},"end":{"line":31,"column":null}}},"5":{"name":"(anonymous_16)","decl":{"start":{"line":33,"column":2},"end":{"line":33,"column":8}},"loc":{"start":{"line":33,"column":40},"end":{"line":36,"column":null}}}},"branchMap":{"0":{"loc":{"start":{"line":24,"column":29},"end":{"line":24,"column":44}},"type":"default-arg","locations":[{"start":{"line":24,"column":42},"end":{"line":24,"column":44}}]},"1":{"loc":{"start":{"line":34,"column":11},"end":{"line":34,"column":112}},"type":"cond-expr","locations":[{"start":{"line":34,"column":34},"end":{"line":34,"column":58}},{"start":{"line":34,"column":62},"end":{"line":34,"column":111}}]}},"s":{"0":0,"1":0,"2":0,"3":0,"4":0,"5":0,"6":0,"7":0,"8":0,"9":0},"f":{"0":0,"1":0,"2":0,"3":0,"4":0,"5":0},"b":{"0":[0],"1":[0,0]}}
,"C:\\Users\\DELL\\Documents\\backend-application-ecommerce\\src\\services\\email.service.ts": {"path":"C:\\Users\\DELL\\Documents\\backend-application-ecommerce\\src\\services\\email.service.ts","statementMap":{"0":{"start":{"line":1,"column":0},"end":{"line":1,"column":53}},"1":{"start":{"line":2,"column":0},"end":{"line":2,"column":20}},"2":{"start":{"line":3,"column":0},"end":{"line":3,"column":24}},"3":{"start":{"line":4,"column":0},"end":{"line":4,"column":28}},"4":{"start":{"line":5,"column":0},"end":{"line":5,"column":16}},"5":{"start":{"line":24,"column":4},"end":{"line":24,"column":33}},"6":{"start":{"line":24,"column":26},"end":{"line":24,"column":33}},"7":{"start":{"line":25,"column":4},"end":{"line":25,"column":28}},"8":{"start":{"line":27,"column":4},"end":{"line":30,"column":5}},"9":{"start":{"line":28,"column":6},"end":{"line":28,"column":30}},"10":{"start":{"line":29,"column":6},"end":{"line":29,"column":13}},"11":{"start":{"line":32,"column":17},"end":{"line":32,"column":38}},"12":{"start":{"line":33,"column":17},"end":{"line":33,"column":82}},"13":{"start":{"line":34,"column":19},"end":{"line":34,"column":53}},"14":{"start":{"line":35,"column":17},"end":{"line":35,"column":38}},"15":{"start":{"line":36,"column":17},"end":{"line":36,"column":38}},"16":{"start":{"line":38,"column":4},"end":{"line":42,"column":5}},"17":{"start":{"line":39,"column":6},"end":{"line":39,"column":79}},"18":{"start":{"line":40,"column":6},"end":{"line":40,"column":30}},"19":{"start":{"line":41,"column":6},"end":{"line":41,"column":13}},"20":{"start":{"line":44,"column":4},"end":{"line":49,"column":7}},"21":{"start":{"line":53,"column":4},"end":{"line":53,"column":16}},"22":{"start":{"line":54,"column":4},"end":{"line":58,"column":5}},"23":{"start":{"line":56,"column":6},"end":{"line":56,"column":88}},"24":{"start":{"line":57,"column":6},"end":{"line":57,"column":48}},"25":{"start":{"line":59,"column":17},"end":{"line":59,"column":65}},"26":{"start":{"line":60,"column":17},"end":{"line":60,"column":77}},"27":{"start":{"line":61,"column":4},"end":{"line":61,"column":16}},"28":{"start":{"line":65,"column":14},"end":{"line":65,"column":63}},"29":{"start":{"line":66,"column":4},"end":{"line":74,"column":5}},"30":{"start":{"line":67,"column":17},"end":{"line":67,"column":43}},"31":{"start":{"line":68,"column":6},"end":{"line":70,"column":7}},"32":{"start":{"line":69,"column":8},"end":{"line":69,"column":76}},"33":{"start":{"line":71,"column":6},"end":{"line":71,"column":18}},"34":{"start":{"line":73,"column":6},"end":{"line":73,"column":16}},"35":{"start":{"line":78,"column":20},"end":{"line":78,"column":51}},"36":{"start":{"line":79,"column":22},"end":{"line":80,"column":80}},"37":{"start":{"line":80,"column":6},"end":{"line":80,"column":70}},"38":{"start":{"line":81,"column":17},"end":{"line":89,"column":6}},"39":{"start":{"line":90,"column":4},"end":{"line":90,"column":101}},"40":{"start":{"line":94,"column":20},"end":{"line":94,"column":57}},"41":{"start":{"line":95,"column":17},"end":{"line":100,"column":6}},"42":{"start":{"line":101,"column":4},"end":{"line":101,"column":115}},"43":{"start":{"line":20,"column":17},"end":{"line":20,"column":56}},"44":{"start":{"line":21,"column":17},"end":{"line":21,"column":37}},"45":{"start":{"line":105,"column":0},"end":{"line":105,"column":28}}},"fnMap":{"0":{"name":"(anonymous_8)","decl":{"start":{"line":23,"column":2},"end":{"line":23,"column":8}},"loc":{"start":{"line":23,"column":13},"end":{"line":50,"column":3}}},"1":{"name":"(anonymous_9)","decl":{"start":{"line":52,"column":2},"end":{"line":52,"column":8}},"loc":{"start":{"line":52,"column":65},"end":{"line":62,"column":null}}},"2":{"name":"(anonymous_11)","decl":{"start":{"line":64,"column":2},"end":{"line":64,"column":8}},"loc":{"start":{"line":64,"column":85},"end":{"line":75,"column":3}}},"3":{"name":"(anonymous_12)","decl":{"start":{"line":77,"column":2},"end":{"line":77,"column":8}},"loc":{"start":{"line":77,"column":56},"end":{"line":91,"column":null}}},"4":{"name":"(anonymous_14)","decl":{"start":{"line":79,"column":38},"end":{"line":79,"column":39}},"loc":{"start":{"line":80,"column":6},"end":{"line":80,"column":70}}},"5":{"name":"(anonymous_15)","decl":{"start":{"line":93,"column":2},"end":{"line":93,"column":8}},"loc":{"start":{"line":93,"column":56},"end":{"line":102,"column":null}}}},"branchMap":{"0":{"loc":{"start":{"line":24,"column":4},"end":{"line":24,"column":33}},"type":"if","locations":[{"start":{"line":24,"column":4},"end":{"line":24,"column":33}},{"start":{},"end":{}}]},"1":{"loc":{"start":{"line":27,"column":4},"end":{"line":30,"column":5}},"type":"if","locations":[{"start":{"line":27,"column":4},"end":{"line":30,"column":5}},{"start":{},"end":{}}]},"2":{"loc":{"start":{"line":33,"column":17},"end":{"line":33,"column":82}},"type":"cond-expr","locations":[{"start":{"line":33,"column":41},"end":{"line":33,"column":76}},{"start":{"line":33,"column":79},"end":{"line":33,"column":82}}]},"3":{"loc":{"start":{"line":38,"column":4},"end":{"line":42,"column":5}},"type":"if","locations":[{"start":{"line":38,"column":4},"end":{"line":42,"column":5}},{"start":{},"end":{}}]},"4":{"loc":{"start":{"line":38,"column":8},"end":{"line":38,"column":31}},"type":"binary-expr","locations":[{"start":{"line":38,"column":8},"end":{"line":38,"column":13}},{"start":{"line":38,"column":17},"end":{"line":38,"column":22}},{"start":{"line":38,"column":26},"end":{"line":38,"column":31}}]},"5":{"loc":{"start":{"line":54,"column":4},"end":{"line":58,"column":5}},"type":"if","locations":[{"start":{"line":54,"column":4},"end":{"line":58,"column":5}},{"start":{},"end":{}}]},"6":{"loc":{"start":{"line":59,"column":17},"end":{"line":59,"column":65}},"type":"binary-expr","locations":[{"start":{"line":59,"column":17},"end":{"line":59,"column":39}},{"start":{"line":59,"column":43},"end":{"line":59,"column":65}}]},"7":{"loc":{"start":{"line":90,"column":55},"end":{"line":90,"column":99}},"type":"binary-expr","locations":[{"start":{"line":90,"column":55},"end":{"line":90,"column":59}},{"start":{"line":90,"column":63},"end":{"line":90,"column":99}}]},"8":{"loc":{"start":{"line":98,"column":14},"end":{"line":98,"column":39}},"type":"binary-expr","locations":[{"start":{"line":98,"column":14},"end":{"line":98,"column":26}},{"start":{"line":98,"column":30},"end":{"line":98,"column":39}}]},"9":{"loc":{"start":{"line":101,"column":55},"end":{"line":101,"column":113}},"type":"binary-expr","locations":[{"start":{"line":101,"column":55},"end":{"line":101,"column":59}},{"start":{"line":101,"column":63},"end":{"line":101,"column":113}}]}},"s":{"0":0,"1":0,"2":0,"3":0,"4":0,"5":0,"6":0,"7":0,"8":0,"9":0,"10":0,"11":0,"12":0,"13":0,"14":0,"15":0,"16":0,"17":0,"18":0,"19":0,"20":0,"21":0,"22":0,"23":0,"24":0,"25":0,"26":0,"27":0,"28":0,"29":0,"30":0,"31":0,"32":0,"33":0,"34":0,"35":0,"36":0,"37":0,"38":0,"39":0,"40":0,"41":0,"42":0,"43":0,"44":0,"45":0},"f":{"0":0,"1":0,"2":0,"3":0,"4":0,"5":0},"b":{"0":[0,0],"1":[0,0],"2":[0,0],"3":[0,0],"4":[0,0,0],"5":[0,0],"6":[0,0],"7":[0,0],"8":[0,0],"9":[0,0]}}
,"C:\\Users\\DELL\\Documents\\backend-application-ecommerce\\src\\services\\orders.service.ts": {"path":"C:\\Users\\DELL\\Documents\\backend-application-ecommerce\\src\\services\\orders.service.ts","statementMap":{"0":{"start":{"line":2,"column":0},"end":{"line":2,"column":53}},"1":{"start":{"line":3,"column":0},"end":{"line":3,"column":59}},"2":{"start":{"line":4,"column":0},"end":{"line":4,"column":57}},"3":{"start":{"line":5,"column":0},"end":{"line":5,"column":43}},"4":{"start":{"line":59,"column":21},"end":{"line":59,"column":60}},"5":{"start":{"line":60,"column":4},"end":{"line":60,"column":57}},"6":{"start":{"line":60,"column":19},"end":{"line":60,"column":57}},"7":{"start":{"line":63,"column":19},"end":{"line":63,"column":27}},"8":{"start":{"line":66,"column":52},"end":{"line":81,"column":null}},"9":{"start":{"line":67,"column":29},"end":{"line":81,"column":8}},"10":{"start":{"line":68,"column":18},"end":{"line":68,"column":58}},"11":{"start":{"line":69,"column":26},"end":{"line":69,"column":27}},"12":{"start":{"line":70,"column":26},"end":{"line":70,"column":83}},"13":{"start":{"line":71,"column":25},"end":{"line":71,"column":41}},"14":{"start":{"line":72,"column":26},"end":{"line":72,"column":46}},"15":{"start":{"line":74,"column":8},"end":{"line":80,"column":10}},"16":{"start":{"line":85,"column":21},"end":{"line":85,"column":86}},"17":{"start":{"line":85,"column":62},"end":{"line":85,"column":82}},"18":{"start":{"line":86,"column":16},"end":{"line":86,"column":52}},"19":{"start":{"line":87,"column":25},"end":{"line":87,"column":44}},"20":{"start":{"line":88,"column":18},"end":{"line":88,"column":68}},"21":{"start":{"line":91,"column":24},"end":{"line":103,"column":6}},"22":{"start":{"line":106,"column":19},"end":{"line":106,"column":55}},"23":{"start":{"line":110,"column":6},"end":{"line":112,"column":16}},"24":{"start":{"line":114,"column":26},"end":{"line":114,"column":58}},"25":{"start":{"line":116,"column":47},"end":{"line":126,"column":6}},"26":{"start":{"line":129,"column":5},"end":{"line":131,"column":7}},"27":{"start":{"line":130,"column":6},"end":{"line":130,"column":66}},"28":{"start":{"line":133,"column":4},"end":{"line":133,"column":17}},"29":{"start":{"line":140,"column":21},"end":{"line":143,"column":6}},"30":{"start":{"line":145,"column":4},"end":{"line":145,"column":53}},"31":{"start":{"line":145,"column":18},"end":{"line":145,"column":53}},"32":{"start":{"line":147,"column":21},"end":{"line":147,"column":68}},"33":{"start":{"line":148,"column":19},"end":{"line":148,"column":27}},"34":{"start":{"line":150,"column":47},"end":{"line":160,"column":6}},"35":{"start":{"line":162,"column":5},"end":{"line":164,"column":7}},"36":{"start":{"line":163,"column":6},"end":{"line":163,"column":82}},"37":{"start":{"line":166,"column":4},"end":{"line":166,"column":19}},"38":{"start":{"line":172,"column":26},"end":{"line":175,"column":null}},"39":{"start":{"line":173,"column":17},"end":{"line":173,"column":45}},"40":{"start":{"line":174,"column":4},"end":{"line":174,"column":41}},"41":{"start":{"line":181,"column":18},"end":{"line":181,"column":46}},"42":{"start":{"line":182,"column":4},"end":{"line":182,"column":34}},"43":{"start":{"line":48,"column":0},"end":{"line":48,"column":13}},"44":{"start":{"line":186,"column":0},"end":{"line":186,"column":29}}},"fnMap":{"0":{"name":"(anonymous_8)","decl":{"start":{"line":52,"column":2},"end":{"line":52,"column":8}},"loc":{"start":{"line":56,"column":25},"end":{"line":134,"column":null}}},"1":{"name":"(anonymous_10)","decl":{"start":{"line":67,"column":16},"end":{"line":67,"column":23}},"loc":{"start":{"line":67,"column":29},"end":{"line":81,"column":8}}},"2":{"name":"(anonymous_11)","decl":{"start":{"line":67,"column":29},"end":{"line":67,"column":null}},"loc":{"start":{"line":67,"column":29},"end":{"line":81,"column":7}}},"3":{"name":"(anonymous_12)","decl":{"start":{"line":85,"column":47},"end":{"line":85,"column":48}},"loc":{"start":{"line":85,"column":62},"end":{"line":85,"column":82}}},"4":{"name":"(anonymous_13)","decl":{"start":{"line":129,"column":68},"end":{"line":129,"column":69}},"loc":{"start":{"line":129,"column":81},"end":{"line":131,"column":5}}},"5":{"name":"(anonymous_14)","decl":{"start":{"line":139,"column":2},"end":{"line":139,"column":8}},"loc":{"start":{"line":139,"column":67},"end":{"line":167,"column":null}}},"6":{"name":"(anonymous_16)","decl":{"start":{"line":162,"column":68},"end":{"line":162,"column":69}},"loc":{"start":{"line":162,"column":81},"end":{"line":164,"column":5}}},"7":{"name":"(anonymous_17)","decl":{"start":{"line":172,"column":2},"end":{"line":172,"column":8}},"loc":{"start":{"line":172,"column":25},"end":{"line":175,"column":null}}},"8":{"name":"(anonymous_18)","decl":{"start":{"line":172,"column":26},"end":{"line":172,"column":39}},"loc":{"start":{"line":172,"column":41},"end":{"line":175,"column":3}}},"9":{"name":"(anonymous_19)","decl":{"start":{"line":180,"column":2},"end":{"line":180,"column":8}},"loc":{"start":{"line":180,"column":34},"end":{"line":183,"column":null}}}},"branchMap":{"0":{"loc":{"start":{"line":60,"column":4},"end":{"line":60,"column":57}},"type":"if","locations":[{"start":{"line":60,"column":4},"end":{"line":60,"column":57}},{"start":{},"end":{}}]},"1":{"loc":{"start":{"line":70,"column":26},"end":{"line":70,"column":83}},"type":"cond-expr","locations":[{"start":{"line":70,"column":69},"end":{"line":70,"column":79}},{"start":{"line":70,"column":82},"end":{"line":70,"column":83}}]},"2":{"loc":{"start":{"line":70,"column":27},"end":{"line":70,"column":65}},"type":"binary-expr","locations":[{"start":{"line":70,"column":27},"end":{"line":70,"column":31}},{"start":{"line":70,"column":35},"end":{"line":70,"column":65}}]},"3":{"loc":{"start":{"line":71,"column":25},"end":{"line":71,"column":41}},"type":"binary-expr","locations":[{"start":{"line":71,"column":25},"end":{"line":71,"column":36}},{"start":{"line":71,"column":40},"end":{"line":71,"column":41}}]},"4":{"loc":{"start":{"line":76,"column":16},"end":{"line":76,"column":67}},"type":"cond-expr","locations":[{"start":{"line":76,"column":38},"end":{"line":76,"column":47}},{"start":{"line":76,"column":50},"end":{"line":76,"column":67}}]},"5":{"loc":{"start":{"line":76,"column":17},"end":{"line":76,"column":34}},"type":"binary-expr","locations":[{"start":{"line":76,"column":17},"end":{"line":76,"column":21}},{"start":{"line":76,"column":25},"end":{"line":76,"column":34}}]},"6":{"loc":{"start":{"line":87,"column":25},"end":{"line":87,"column":44}},"type":"binary-expr","locations":[{"start":{"line":87,"column":25},"end":{"line":87,"column":39}},{"start":{"line":87,"column":43},"end":{"line":87,"column":44}}]},"7":{"loc":{"start":{"line":87,"column":25},"end":{"line":87,"column":39}},"type":"cond-expr","locations":[{"start":{"line":87,"column":33},"end":{"line":87,"column":35}},{"start":{"line":87,"column":25},"end":{"line":87,"column":39}}]},"8":{"loc":{"start":{"line":87,"column":25},"end":{"line":87,"column":35}},"type":"binary-expr","locations":[{"start":{"line":87,"column":25},"end":{"line":87,"column":35}},{"start":{"line":87,"column":25},"end":{"line":87,"column":35}}]},"9":{"loc":{"start":{"line":110,"column":6},"end":{"line":112,"column":16}},"type":"binary-expr","locations":[{"start":{"line":110,"column":6},"end":{"line":110,"column":12}},{"start":{"line":111,"column":6},"end":{"line":111,"column":59}},{"start":{"line":112,"column":6},"end":{"line":112,"column":16}}]},"10":{"loc":{"start":{"line":111,"column":10},"end":{"line":111,"column":27}},"type":"binary-expr","locations":[{"start":{"line":111,"column":10},"end":{"line":111,"column":21}},{"start":{"line":111,"column":25},"end":{"line":111,"column":27}}]},"11":{"loc":{"start":{"line":111,"column":33},"end":{"line":111,"column":49}},"type":"binary-expr","locations":[{"start":{"line":111,"column":33},"end":{"line":111,"column":43}},{"start":{"line":111,"column":47},"end":{"line":111,"column":49}}]},"12":{"loc":{"start":{"line":114,"column":26},"end":{"line":114,"column":58}},"type":"binary-expr","locations":[{"start":{"line":114,"column":26},"end":{"line":114,"column":33}},{"start":{"line":114,"column":37},"end":{"line":114,"column":58}}]},"13":{"loc":{"start":{"line":125,"column":14},"end":{"line":125,"column":42}},"type":"binary-expr","locations":[{"start":{"line":125,"column":14},"end":{"line":125,"column":26}},{"start":{"line":125,"column":30},"end":{"line":125,"column":42}}]},"14":{"loc":{"start":{"line":145,"column":4},"end":{"line":145,"column":53}},"type":"if","locations":[{"start":{"line":145,"column":4},"end":{"line":145,"column":53}},{"start":{},"end":{}}]},"15":{"loc":{"start":{"line":152,"column":20},"end":{"line":152,"column":41}},"type":"binary-expr","locations":[{"start":{"line":152,"column":20},"end":{"line":152,"column":27}},{"start":{"line":152,"column":31},"end":{"line":152,"column":41}}]},"16":{"loc":{"start":{"line":152,"column":20},"end":{"line":152,"column":27}},"type":"cond-expr","locations":[{"start":{"line":152,"column":21},"end":{"line":152,"column":23}},{"start":{"line":152,"column":20},"end":{"line":152,"column":27}}]},"17":{"loc":{"start":{"line":152,"column":20},"end":{"line":152,"column":23}},"type":"binary-expr","locations":[{"start":{"line":152,"column":20},"end":{"line":152,"column":23}},{"start":{"line":152,"column":20},"end":{"line":152,"column":23}}]},"18":{"loc":{"start":{"line":153,"column":21},"end":{"line":153,"column":54}},"type":"binary-expr","locations":[{"start":{"line":153,"column":21},"end":{"line":153,"column":29}},{"start":{"line":153,"column":33},"end":{"line":153,"column":54}}]},"19":{"loc":{"start":{"line":153,"column":21},"end":{"line":153,"column":29}},"type":"cond-expr","locations":[{"start":{"line":153,"column":22},"end":{"line":153,"column":24}},{"start":{"line":153,"column":21},"end":{"line":153,"column":29}}]},"20":{"loc":{"start":{"line":153,"column":21},"end":{"line":153,"column":24}},"type":"binary-expr","locations":[{"start":{"line":153,"column":21},"end":{"line":153,"column":24}},{"start":{"line":153,"column":21},"end":{"line":153,"column":24}}]},"21":{"loc":{"start":{"line":154,"column":14},"end":{"line":154,"column":62}},"type":"binary-expr","locations":[{"start":{"line":154,"column":14},"end":{"line":154,"column":56}},{"start":{"line":154,"column":60},"end":{"line":154,"column":62}}]},"22":{"loc":{"start":{"line":155,"column":16},"end":{"line":155,"column":37}},"type":"binary-expr","locations":[{"start":{"line":155,"column":16},"end":{"line":155,"column":32}},{"start":{"line":155,"column":36},"end":{"line":155,"column":37}}]},"23":{"loc":{"start":{"line":156,"column":11},"end":{"line":156,"column":27}},"type":"binary-expr","locations":[{"start":{"line":156,"column":11},"end":{"line":156,"column":22}},{"start":{"line":156,"column":26},"end":{"line":156,"column":27}}]},"24":{"loc":{"start":{"line":157,"column":20},"end":{"line":157,"column":45}},"type":"binary-expr","locations":[{"start":{"line":157,"column":20},"end":{"line":157,"column":40}},{"start":{"line":157,"column":44},"end":{"line":157,"column":45}}]},"25":{"loc":{"start":{"line":158,"column":13},"end":{"line":158,"column":31}},"type":"binary-expr","locations":[{"start":{"line":158,"column":13},"end":{"line":158,"column":26}},{"start":{"line":158,"column":30},"end":{"line":158,"column":31}}]},"26":{"loc":{"start":{"line":172,"column":26},"end":{"line":172,"column":41}},"type":"default-arg","locations":[{"start":{"line":172,"column":39},"end":{"line":172,"column":41}}]},"27":{"loc":{"start":{"line":182,"column":12},"end":{"line":182,"column":33}},"type":"binary-expr","locations":[{"start":{"line":182,"column":12},"end":{"line":182,"column":25}},{"start":{"line":182,"column":29},"end":{"line":182,"column":33}}]}},"s":{"0":1,"1":1,"2":1,"3":1,"4":0,"5":0,"6":0,"7":0,"8":0,"9":0,"10":0,"11":0,"12":0,"13":0,"14":0,"15":0,"16":0,"17":0,"18":0,"19":0,"20":0,"21":0,"22":0,"23":0,"24":0,"25":0,"26":0,"27":0,"28":0,"29":0,"30":0,"31":0,"32":0,"33":0,"34":0,"35":0,"36":0,"37":0,"38":0,"39":0,"40":0,"41":0,"42":0,"43":1,"44":1},"f":{"0":0,"1":0,"2":0,"3":0,"4":0,"5":0,"6":0,"7":0,"8":0,"9":0},"b":{"0":[0,0],"1":[0,0],"2":[0,0],"3":[0,0],"4":[0,0],"5":[0,0],"6":[0,0],"7":[0,0],"8":[0,0],"9":[0,0,0],"10":[0,0],"11":[0,0],"12":[0,0],"13":[0,0],"14":[0,0],"15":[0,0],"16":[0,0],"17":[0,0],"18":[0,0],"19":[0,0],"20":[0,0],"21":[0,0],"22":[0,0],"23":[0,0],"24":[0,0],"25":[0,0],"26":[0],"27":[0,0]}}
,"C:\\Users\\DELL\\Documents\\backend-application-ecommerce\\src\\services\\products.service.ts": {"path":"C:\\Users\\DELL\\Documents\\backend-application-ecommerce\\src\\services\\products.service.ts","statementMap":{"0":{"start":{"line":1,"column":0},"end":{"line":1,"column":57}},"1":{"start":{"line":14,"column":16},"end":{"line":14,"column":40}},"2":{"start":{"line":15,"column":13},"end":{"line":15,"column":60}},"3":{"start":{"line":16,"column":4},"end":{"line":16,"column":36}},"4":{"start":{"line":20,"column":4},"end":{"line":20,"column":36}},"5":{"start":{"line":24,"column":4},"end":{"line":24,"column":36}},"6":{"start":{"line":29,"column":4},"end":{"line":29,"column":44}},"7":{"start":{"line":33,"column":4},"end":{"line":33,"column":35}},"8":{"start":{"line":37,"column":0},"end":{"line":37,"column":31}}},"fnMap":{"0":{"name":"(anonymous_8)","decl":{"start":{"line":13,"column":2},"end":{"line":13,"column":8}},"loc":{"start":{"line":13,"column":48},"end":{"line":17,"column":null}}},"1":{"name":"(anonymous_10)","decl":{"start":{"line":19,"column":2},"end":{"line":19,"column":8}},"loc":{"start":{"line":19,"column":38},"end":{"line":21,"column":null}}},"2":{"name":"(anonymous_12)","decl":{"start":{"line":23,"column":2},"end":{"line":23,"column":8}},"loc":{"start":{"line":23,"column":36},"end":{"line":25,"column":null}}},"3":{"name":"(anonymous_14)","decl":{"start":{"line":27,"column":2},"end":{"line":27,"column":8}},"loc":{"start":{"line":27,"column":71},"end":{"line":30,"column":null}}},"4":{"name":"(anonymous_16)","decl":{"start":{"line":32,"column":2},"end":{"line":32,"column":8}},"loc":{"start":{"line":32,"column":39},"end":{"line":34,"column":null}}}},"branchMap":{},"s":{"0":1,"1":0,"2":0,"3":0,"4":0,"5":0,"6":0,"7":0,"8":1},"f":{"0":0,"1":0,"2":0,"3":0,"4":0},"b":{}}
,"C:\\Users\\DELL\\Documents\\backend-application-ecommerce\\src\\validators\\product.validator.ts": {"path":"C:\\Users\\DELL\\Documents\\backend-application-ecommerce\\src\\validators\\product.validator.ts","statementMap":{"0":{"start":{"line":1,"column":0},"end":{"line":1,"column":22}},"1":{"start":{"line":3,"column":13},"end":{"line":10,"column":3}},"2":{"start":{"line":12,"column":13},"end":{"line":18,"column":3}}},"fnMap":{},"branchMap":{},"s":{"0":1,"1":1,"2":1},"f":{},"b":{}}
}
