{"C:\\Users\\DELL\\Documents\\backend-application-ecommerce\\src\\app.ts": {"path":"C:\\Users\\DELL\\Documents\\backend-application-ecommerce\\src\\app.ts","statementMap":{"0":{"start":{"line":1,"column":0},"end":{"line":1,"column":30}},"1":{"start":{"line":2,"column":0},"end":{"line":2,"column":28}},"2":{"start":{"line":3,"column":0},"end":{"line":3,"column":24}},"3":{"start":{"line":4,"column":0},"end":{"line":4,"column":30}},"4":{"start":{"line":5,"column":0},"end":{"line":5,"column":54}},"5":{"start":{"line":6,"column":0},"end":{"line":6,"column":43}},"6":{"start":{"line":7,"column":0},"end":{"line":7,"column":20}},"7":{"start":{"line":8,"column":0},"end":{"line":8,"column":24}},"8":{"start":{"line":10,"column":12},"end":{"line":10,"column":21}},"9":{"start":{"line":11,"column":0},"end":{"line":11,"column":18}},"10":{"start":{"line":12,"column":0},"end":{"line":12,"column":16}},"11":{"start":{"line":13,"column":0},"end":{"line":13,"column":24}},"12":{"start":{"line":15,"column":0},"end":{"line":15,"column":24}},"13":{"start":{"line":18,"column":19},"end":{"line":18,"column":86}},"14":{"start":{"line":19,"column":0},"end":{"line":19,"column":116}},"15":{"start":{"line":21,"column":0},"end":{"line":21,"column":22}},"16":{"start":{"line":23,"column":0},"end":{"line":23,"column":19}}},"fnMap":{},"branchMap":{},"s":{"0":1,"1":1,"2":1,"3":1,"4":1,"5":1,"6":1,"7":1,"8":1,"9":1,"10":1,"11":1,"12":1,"13":1,"14":1,"15":1,"16":1},"f":{},"b":{}}
,"C:\\Users\\DELL\\Documents\\backend-application-ecommerce\\src\\config\\firebase.ts": {"path":"C:\\Users\\DELL\\Documents\\backend-application-ecommerce\\src\\config\\firebase.ts","statementMap":{"0":{"start":{"line":1,"column":0},"end":{"line":1,"column":35}},"1":{"start":{"line":2,"column":0},"end":{"line":2,"column":28}},"2":{"start":{"line":3,"column":0},"end":{"line":3,"column":20}},"3":{"start":{"line":4,"column":0},"end":{"line":4,"column":24}},"4":{"start":{"line":5,"column":0},"end":{"line":5,"column":16}},"5":{"start":{"line":8,"column":19},"end":{"line":9,"column":84}},"6":{"start":{"line":11,"column":2},"end":{"line":13,"column":3}},"7":{"start":{"line":12,"column":4},"end":{"line":12,"column":70}},"8":{"start":{"line":15,"column":14},"end":{"line":15,"column":47}},"9":{"start":{"line":16,"column":2},"end":{"line":16,"column":25}},"10":{"start":{"line":19,"column":23},"end":{"line":19,"column":43}},"11":{"start":{"line":21,"column":0},"end":{"line":26,"column":1}},"12":{"start":{"line":22,"column":2},"end":{"line":25,"column":5}},"13":{"start":{"line":28,"column":13},"end":{"line":28,"column":36}},"14":{"start":{"line":29,"column":13},"end":{"line":29,"column":33}},"15":{"start":{"line":30,"column":13},"end":{"line":30,"column":47}}},"fnMap":{"0":{"name":"loadServiceAccount","decl":{"start":{"line":7,"column":9},"end":{"line":7,"column":27}},"loc":{"start":{"line":7,"column":27},"end":{"line":17,"column":1}}}},"branchMap":{"0":{"loc":{"start":{"line":8,"column":19},"end":{"line":9,"column":84}},"type":"binary-expr","locations":[{"start":{"line":8,"column":19},"end":{"line":8,"column":51}},{"start":{"line":9,"column":4},"end":{"line":9,"column":84}}]},"1":{"loc":{"start":{"line":11,"column":2},"end":{"line":13,"column":3}},"type":"if","locations":[{"start":{"line":11,"column":2},"end":{"line":13,"column":3}},{"start":{},"end":{}}]},"2":{"loc":{"start":{"line":21,"column":0},"end":{"line":26,"column":1}},"type":"if","locations":[{"start":{"line":21,"column":0},"end":{"line":26,"column":1}},{"start":{},"end":{}}]}},"s":{"0":3,"1":3,"2":3,"3":3,"4":3,"5":3,"6":3,"7":0,"8":3,"9":3,"10":3,"11":3,"12":3,"13":3,"14":3,"15":3},"f":{"0":3},"b":{"0":[3,0],"1":[0,3],"2":[3,0]}}
,"C:\\Users\\DELL\\Documents\\backend-application-ecommerce\\src\\controllers\\products.controller.ts": {"path":"C:\\Users\\DELL\\Documents\\backend-application-ecommerce\\src\\controllers\\products.controller.ts","statementMap":{"0":{"start":{"line":2,"column":0},"end":{"line":2,"column":59}},"1":{"start":{"line":4,"column":29},"end":{"line":11,"column":2}},"2":{"start":{"line":4,"column":87},"end":{"line":11,"column":2}},"3":{"start":{"line":5,"column":2},"end":{"line":10,"column":3}},"4":{"start":{"line":6,"column":20},"end":{"line":6,"column":65}},"5":{"start":{"line":7,"column":4},"end":{"line":7,"column":34}},"6":{"start":{"line":9,"column":4},"end":{"line":9,"column":14}},"7":{"start":{"line":4,"column":13},"end":{"line":4,"column":29}},"8":{"start":{"line":13,"column":28},"end":{"line":20,"column":2}},"9":{"start":{"line":13,"column":86},"end":{"line":20,"column":2}},"10":{"start":{"line":14,"column":2},"end":{"line":19,"column":3}},"11":{"start":{"line":15,"column":21},"end":{"line":15,"column":66}},"12":{"start":{"line":16,"column":4},"end":{"line":16,"column":23}},"13":{"start":{"line":18,"column":4},"end":{"line":18,"column":14}},"14":{"start":{"line":13,"column":13},"end":{"line":13,"column":28}},"15":{"start":{"line":22,"column":26},"end":{"line":30,"column":2}},"16":{"start":{"line":22,"column":84},"end":{"line":30,"column":2}},"17":{"start":{"line":23,"column":2},"end":{"line":29,"column":3}},"18":{"start":{"line":24,"column":14},"end":{"line":24,"column":61}},"19":{"start":{"line":25,"column":4},"end":{"line":25,"column":72}},"20":{"start":{"line":25,"column":12},"end":{"line":25,"column":72}},"21":{"start":{"line":26,"column":4},"end":{"line":26,"column":16}},"22":{"start":{"line":28,"column":4},"end":{"line":28,"column":14}},"23":{"start":{"line":22,"column":13},"end":{"line":22,"column":26}},"24":{"start":{"line":32,"column":29},"end":{"line":39,"column":2}},"25":{"start":{"line":32,"column":87},"end":{"line":39,"column":2}},"26":{"start":{"line":33,"column":2},"end":{"line":38,"column":3}},"27":{"start":{"line":34,"column":20},"end":{"line":34,"column":80}},"28":{"start":{"line":35,"column":4},"end":{"line":35,"column":22}},"29":{"start":{"line":37,"column":4},"end":{"line":37,"column":14}},"30":{"start":{"line":32,"column":13},"end":{"line":32,"column":29}},"31":{"start":{"line":41,"column":29},"end":{"line":48,"column":2}},"32":{"start":{"line":41,"column":87},"end":{"line":48,"column":2}},"33":{"start":{"line":42,"column":2},"end":{"line":47,"column":3}},"34":{"start":{"line":43,"column":4},"end":{"line":43,"column":55}},"35":{"start":{"line":44,"column":4},"end":{"line":44,"column":27}},"36":{"start":{"line":46,"column":4},"end":{"line":46,"column":14}},"37":{"start":{"line":41,"column":13},"end":{"line":41,"column":29}}},"fnMap":{"0":{"name":"(anonymous_8)","decl":{"start":{"line":4,"column":29},"end":{"line":4,"column":36}},"loc":{"start":{"line":4,"column":87},"end":{"line":11,"column":2}}},"1":{"name":"(anonymous_9)","decl":{"start":{"line":4,"column":87},"end":{"line":4,"column":null}},"loc":{"start":{"line":4,"column":87},"end":{"line":11,"column":1}}},"2":{"name":"(anonymous_10)","decl":{"start":{"line":13,"column":28},"end":{"line":13,"column":35}},"loc":{"start":{"line":13,"column":86},"end":{"line":20,"column":2}}},"3":{"name":"(anonymous_11)","decl":{"start":{"line":13,"column":86},"end":{"line":13,"column":null}},"loc":{"start":{"line":13,"column":86},"end":{"line":20,"column":1}}},"4":{"name":"(anonymous_12)","decl":{"start":{"line":22,"column":26},"end":{"line":22,"column":33}},"loc":{"start":{"line":22,"column":84},"end":{"line":30,"column":2}}},"5":{"name":"(anonymous_13)","decl":{"start":{"line":22,"column":84},"end":{"line":22,"column":null}},"loc":{"start":{"line":22,"column":84},"end":{"line":30,"column":1}}},"6":{"name":"(anonymous_14)","decl":{"start":{"line":32,"column":29},"end":{"line":32,"column":36}},"loc":{"start":{"line":32,"column":87},"end":{"line":39,"column":2}}},"7":{"name":"(anonymous_15)","decl":{"start":{"line":32,"column":87},"end":{"line":32,"column":null}},"loc":{"start":{"line":32,"column":87},"end":{"line":39,"column":1}}},"8":{"name":"(anonymous_16)","decl":{"start":{"line":41,"column":29},"end":{"line":41,"column":36}},"loc":{"start":{"line":41,"column":87},"end":{"line":48,"column":2}}},"9":{"name":"(anonymous_17)","decl":{"start":{"line":41,"column":87},"end":{"line":41,"column":null}},"loc":{"start":{"line":41,"column":87},"end":{"line":48,"column":1}}}},"branchMap":{"0":{"loc":{"start":{"line":25,"column":4},"end":{"line":25,"column":72}},"type":"if","locations":[{"start":{"line":25,"column":4},"end":{"line":25,"column":72}},{"start":{},"end":{}}]}},"s":{"0":2,"1":2,"2":3,"3":3,"4":3,"5":2,"6":1,"7":2,"8":2,"9":1,"10":1,"11":1,"12":1,"13":0,"14":2,"15":2,"16":3,"17":3,"18":3,"19":3,"20":2,"21":1,"22":0,"23":2,"24":2,"25":2,"26":2,"27":2,"28":2,"29":0,"30":2,"31":2,"32":2,"33":2,"34":2,"35":2,"36":0,"37":2},"f":{"0":3,"1":3,"2":1,"3":1,"4":3,"5":3,"6":2,"7":2,"8":2,"9":2},"b":{"0":[2,1]}}
,"C:\\Users\\DELL\\Documents\\backend-application-ecommerce\\src\\middlewares\\errorHandler.ts": {"path":"C:\\Users\\DELL\\Documents\\backend-application-ecommerce\\src\\middlewares\\errorHandler.ts","statementMap":{"0":{"start":{"line":3,"column":0},"end":{"line":9,"column":2}},"1":{"start":{"line":5,"column":2},"end":{"line":5,"column":21}},"2":{"start":{"line":6,"column":17},"end":{"line":6,"column":34}},"3":{"start":{"line":7,"column":18},"end":{"line":7,"column":56}},"4":{"start":{"line":8,"column":2},"end":{"line":8,"column":46}}},"fnMap":{"0":{"name":"(anonymous_0)","decl":{"start":{"line":3,"column":15},"end":{"line":3,"column":16}},"loc":{"start":{"line":3,"column":77},"end":{"line":9,"column":1}}}},"branchMap":{"0":{"loc":{"start":{"line":6,"column":17},"end":{"line":6,"column":34}},"type":"binary-expr","locations":[{"start":{"line":6,"column":17},"end":{"line":6,"column":27}},{"start":{"line":6,"column":31},"end":{"line":6,"column":34}}]},"1":{"loc":{"start":{"line":7,"column":18},"end":{"line":7,"column":56}},"type":"binary-expr","locations":[{"start":{"line":7,"column":18},"end":{"line":7,"column":29}},{"start":{"line":7,"column":33},"end":{"line":7,"column":56}}]}},"s":{"0":2,"1":3,"2":3,"3":3,"4":3},"f":{"0":3},"b":{"0":[3,2],"1":[3,1]}}
,"C:\\Users\\DELL\\Documents\\backend-application-ecommerce\\src\\middlewares\\validateRequest.ts": {"path":"C:\\Users\\DELL\\Documents\\backend-application-ecommerce\\src\\middlewares\\validateRequest.ts","statementMap":{"0":{"start":{"line":4,"column":0},"end":{"line":8,"column":2}},"1":{"start":{"line":4,"column":35},"end":{"line":8,"column":1}},"2":{"start":{"line":5,"column":20},"end":{"line":5,"column":88}},"3":{"start":{"line":6,"column":2},"end":{"line":6,"column":87}},"4":{"start":{"line":6,"column":13},"end":{"line":6,"column":87}},"5":{"start":{"line":6,"column":73},"end":{"line":6,"column":82}},"6":{"start":{"line":7,"column":2},"end":{"line":7,"column":9}}},"fnMap":{"0":{"name":"(anonymous_0)","decl":{"start":{"line":4,"column":15},"end":{"line":4,"column":16}},"loc":{"start":{"line":4,"column":35},"end":{"line":8,"column":1}}},"1":{"name":"(anonymous_1)","decl":{"start":{"line":4,"column":35},"end":{"line":4,"column":36}},"loc":{"start":{"line":4,"column":87},"end":{"line":8,"column":1}}},"2":{"name":"(anonymous_2)","decl":{"start":{"line":6,"column":68},"end":{"line":6,"column":69}},"loc":{"start":{"line":6,"column":73},"end":{"line":6,"column":82}}}},"branchMap":{"0":{"loc":{"start":{"line":6,"column":2},"end":{"line":6,"column":87}},"type":"if","locations":[{"start":{"line":6,"column":2},"end":{"line":6,"column":87}},{"start":{},"end":{}}]}},"s":{"0":1,"1":2,"2":3,"3":3,"4":1,"5":2,"6":2},"f":{"0":2,"1":3,"2":2},"b":{"0":[1,2]}}
,"C:\\Users\\DELL\\Documents\\backend-application-ecommerce\\src\\repositories\\products.repo.ts": {"path":"C:\\Users\\DELL\\Documents\\backend-application-ecommerce\\src\\repositories\\products.repo.ts","statementMap":{"0":{"start":{"line":1,"column":0},"end":{"line":1,"column":40}},"1":{"start":{"line":3,"column":19},"end":{"line":3,"column":29}},"2":{"start":{"line":7,"column":16},"end":{"line":7,"column":47}},"3":{"start":{"line":8,"column":4},"end":{"line":8,"column":23}},"4":{"start":{"line":9,"column":4},"end":{"line":9,"column":34}},"5":{"start":{"line":13,"column":37},"end":{"line":13,"column":62}},"6":{"start":{"line":14,"column":4},"end":{"line":14,"column":70}},"7":{"start":{"line":14,"column":24},"end":{"line":14,"column":70}},"8":{"start":{"line":15,"column":17},"end":{"line":15,"column":40}},"9":{"start":{"line":16,"column":4},"end":{"line":16,"column":59}},"10":{"start":{"line":16,"column":30},"end":{"line":16,"column":57}},"11":{"start":{"line":20,"column":17},"end":{"line":20,"column":62}},"12":{"start":{"line":21,"column":4},"end":{"line":21,"column":34}},"13":{"start":{"line":21,"column":22},"end":{"line":21,"column":34}},"14":{"start":{"line":22,"column":4},"end":{"line":22,"column":43}},"15":{"start":{"line":26,"column":16},"end":{"line":26,"column":49}},"16":{"start":{"line":27,"column":4},"end":{"line":27,"column":30}},"17":{"start":{"line":28,"column":17},"end":{"line":28,"column":32}},"18":{"start":{"line":29,"column":4},"end":{"line":29,"column":43}},"19":{"start":{"line":33,"column":4},"end":{"line":33,"column":53}},"20":{"start":{"line":34,"column":4},"end":{"line":34,"column":11}},"21":{"start":{"line":38,"column":0},"end":{"line":38,"column":28}}},"fnMap":{"0":{"name":"(anonymous_7)","decl":{"start":{"line":6,"column":2},"end":{"line":6,"column":8}},"loc":{"start":{"line":6,"column":30},"end":{"line":10,"column":null}}},"1":{"name":"(anonymous_9)","decl":{"start":{"line":12,"column":2},"end":{"line":12,"column":8}},"loc":{"start":{"line":12,"column":30},"end":{"line":17,"column":null}}},"2":{"name":"(anonymous_11)","decl":{"start":{"line":16,"column":25},"end":{"line":16,"column":26}},"loc":{"start":{"line":16,"column":30},"end":{"line":16,"column":57}}},"3":{"name":"(anonymous_12)","decl":{"start":{"line":19,"column":2},"end":{"line":19,"column":8}},"loc":{"start":{"line":19,"column":33},"end":{"line":23,"column":null}}},"4":{"name":"(anonymous_14)","decl":{"start":{"line":25,"column":2},"end":{"line":25,"column":8}},"loc":{"start":{"line":25,"column":46},"end":{"line":30,"column":null}}},"5":{"name":"(anonymous_16)","decl":{"start":{"line":32,"column":2},"end":{"line":32,"column":8}},"loc":{"start":{"line":32,"column":32},"end":{"line":35,"column":null}}}},"branchMap":{"0":{"loc":{"start":{"line":14,"column":4},"end":{"line":14,"column":70}},"type":"if","locations":[{"start":{"line":14,"column":4},"end":{"line":14,"column":70}},{"start":{},"end":{}}]},"1":{"loc":{"start":{"line":21,"column":4},"end":{"line":21,"column":34}},"type":"if","locations":[{"start":{"line":21,"column":4},"end":{"line":21,"column":34}},{"start":{},"end":{}}]}},"s":{"0":5,"1":5,"2":2,"3":2,"4":1,"5":1,"6":1,"7":1,"8":1,"9":1,"10":2,"11":2,"12":2,"13":1,"14":1,"15":2,"16":2,"17":1,"18":1,"19":1,"20":1,"21":5},"f":{"0":2,"1":1,"2":2,"3":2,"4":2,"5":1},"b":{"0":[1,0],"1":[1,1]}}
,"C:\\Users\\DELL\\Documents\\backend-application-ecommerce\\src\\routes\\index.ts": {"path":"C:\\Users\\DELL\\Documents\\backend-application-ecommerce\\src\\routes\\index.ts","statementMap":{"0":{"start":{"line":1,"column":0},"end":{"line":1,"column":33}},"1":{"start":{"line":2,"column":0},"end":{"line":2,"column":47}},"2":{"start":{"line":6,"column":15},"end":{"line":6,"column":23}},"3":{"start":{"line":7,"column":0},"end":{"line":7,"column":40}},"4":{"start":{"line":11,"column":0},"end":{"line":11,"column":22}}},"fnMap":{},"branchMap":{},"s":{"0":1,"1":1,"2":1,"3":1,"4":1},"f":{},"b":{}}
,"C:\\Users\\DELL\\Documents\\backend-application-ecommerce\\src\\routes\\products.routes.ts": {"path":"C:\\Users\\DELL\\Documents\\backend-application-ecommerce\\src\\routes\\products.routes.ts","statementMap":{"0":{"start":{"line":1,"column":0},"end":{"line":1,"column":33}},"1":{"start":{"line":2,"column":0},"end":{"line":2,"column":65}},"2":{"start":{"line":3,"column":0},"end":{"line":3,"column":61}},"3":{"start":{"line":4,"column":0},"end":{"line":4,"column":91}},"4":{"start":{"line":6,"column":15},"end":{"line":6,"column":23}},"5":{"start":{"line":8,"column":0},"end":{"line":8,"column":81}},"6":{"start":{"line":9,"column":0},"end":{"line":9,"column":41}},"7":{"start":{"line":10,"column":0},"end":{"line":10,"column":42}},"8":{"start":{"line":11,"column":0},"end":{"line":11,"column":83}},"9":{"start":{"line":12,"column":0},"end":{"line":12,"column":48}},"10":{"start":{"line":14,"column":0},"end":{"line":14,"column":22}}},"fnMap":{},"branchMap":{},"s":{"0":1,"1":1,"2":1,"3":1,"4":1,"5":1,"6":1,"7":1,"8":1,"9":1,"10":1},"f":{},"b":{}}
,"C:\\Users\\DELL\\Documents\\backend-application-ecommerce\\src\\services\\products.service.ts": {"path":"C:\\Users\\DELL\\Documents\\backend-application-ecommerce\\src\\services\\products.service.ts","statementMap":{"0":{"start":{"line":1,"column":0},"end":{"line":1,"column":57}},"1":{"start":{"line":14,"column":16},"end":{"line":14,"column":40}},"2":{"start":{"line":15,"column":13},"end":{"line":15,"column":60}},"3":{"start":{"line":16,"column":4},"end":{"line":16,"column":36}},"4":{"start":{"line":20,"column":4},"end":{"line":20,"column":36}},"5":{"start":{"line":24,"column":4},"end":{"line":24,"column":36}},"6":{"start":{"line":29,"column":4},"end":{"line":29,"column":44}},"7":{"start":{"line":33,"column":4},"end":{"line":33,"column":35}},"8":{"start":{"line":37,"column":0},"end":{"line":37,"column":31}}},"fnMap":{"0":{"name":"(anonymous_8)","decl":{"start":{"line":13,"column":2},"end":{"line":13,"column":8}},"loc":{"start":{"line":13,"column":48},"end":{"line":17,"column":null}}},"1":{"name":"(anonymous_10)","decl":{"start":{"line":19,"column":2},"end":{"line":19,"column":8}},"loc":{"start":{"line":19,"column":38},"end":{"line":21,"column":null}}},"2":{"name":"(anonymous_12)","decl":{"start":{"line":23,"column":2},"end":{"line":23,"column":8}},"loc":{"start":{"line":23,"column":36},"end":{"line":25,"column":null}}},"3":{"name":"(anonymous_14)","decl":{"start":{"line":27,"column":2},"end":{"line":27,"column":8}},"loc":{"start":{"line":27,"column":71},"end":{"line":30,"column":null}}},"4":{"name":"(anonymous_16)","decl":{"start":{"line":32,"column":2},"end":{"line":32,"column":8}},"loc":{"start":{"line":32,"column":39},"end":{"line":34,"column":null}}}},"branchMap":{},"s":{"0":3,"1":2,"2":2,"3":2,"4":1,"5":2,"6":1,"7":1,"8":3},"f":{"0":2,"1":1,"2":2,"3":1,"4":1},"b":{}}
,"C:\\Users\\DELL\\Documents\\backend-application-ecommerce\\src\\validators\\product.validator.ts": {"path":"C:\\Users\\DELL\\Documents\\backend-application-ecommerce\\src\\validators\\product.validator.ts","statementMap":{"0":{"start":{"line":1,"column":0},"end":{"line":1,"column":22}},"1":{"start":{"line":3,"column":13},"end":{"line":10,"column":3}},"2":{"start":{"line":12,"column":13},"end":{"line":18,"column":3}}},"fnMap":{},"branchMap":{},"s":{"0":2,"1":2,"2":2},"f":{},"b":{}}
}
