TN:
SF:src\app.ts
FNF:0
FNH:0
DA:1,1
DA:2,1
DA:3,1
DA:4,1
DA:5,1
DA:6,1
DA:7,1
DA:8,1
DA:10,1
DA:11,1
DA:12,1
DA:13,1
DA:15,1
DA:18,1
DA:19,1
DA:21,1
DA:23,1
LF:17
LH:17
BRF:0
BRH:0
end_of_record
TN:
SF:src\config\firebase.ts
FN:7,loadServiceAccount
FNF:1
FNH:1
FNDA:3,loadServiceAccount
DA:1,3
DA:2,3
DA:3,3
DA:4,3
DA:5,3
DA:8,3
DA:11,3
DA:12,0
DA:15,3
DA:16,3
DA:19,3
DA:21,3
DA:22,3
DA:28,3
DA:29,3
DA:30,3
LF:16
LH:15
BRDA:8,0,0,3
BRDA:8,0,1,0
BRDA:11,1,0,0
BRDA:11,1,1,3
BRDA:21,2,0,3
BRDA:21,2,1,0
BRF:6
BRH:3
end_of_record
TN:
SF:src\controllers\products.controller.ts
FN:4,(anonymous_8)
FN:4,(anonymous_9)
FN:13,(anonymous_10)
FN:13,(anonymous_11)
FN:22,(anonymous_12)
FN:22,(anonymous_13)
FN:32,(anonymous_14)
FN:32,(anonymous_15)
FN:41,(anonymous_16)
FN:41,(anonymous_17)
FNF:10
FNH:10
FNDA:3,(anonymous_8)
FNDA:3,(anonymous_9)
FNDA:1,(anonymous_10)
FNDA:1,(anonymous_11)
FNDA:3,(anonymous_12)
FNDA:3,(anonymous_13)
FNDA:2,(anonymous_14)
FNDA:2,(anonymous_15)
FNDA:2,(anonymous_16)
FNDA:2,(anonymous_17)
DA:2,2
DA:4,3
DA:5,3
DA:6,3
DA:7,2
DA:9,1
DA:13,2
DA:14,1
DA:15,1
DA:16,1
DA:18,0
DA:22,3
DA:23,3
DA:24,3
DA:25,3
DA:26,1
DA:28,0
DA:32,2
DA:33,2
DA:34,2
DA:35,2
DA:37,0
DA:41,2
DA:42,2
DA:43,2
DA:44,2
DA:46,0
LF:27
LH:23
BRDA:25,0,0,2
BRDA:25,0,1,1
BRF:2
BRH:2
end_of_record
TN:
SF:src\middlewares\errorHandler.ts
FN:3,(anonymous_0)
FNF:1
FNH:1
FNDA:3,(anonymous_0)
DA:3,2
DA:5,3
DA:6,3
DA:7,3
DA:8,3
LF:5
LH:5
BRDA:6,0,0,3
BRDA:6,0,1,2
BRDA:7,1,0,3
BRDA:7,1,1,1
BRF:4
BRH:4
end_of_record
TN:
SF:src\middlewares\validateRequest.ts
FN:4,(anonymous_0)
FN:4,(anonymous_1)
FN:6,(anonymous_2)
FNF:3
FNH:3
FNDA:2,(anonymous_0)
FNDA:3,(anonymous_1)
FNDA:2,(anonymous_2)
DA:4,2
DA:5,3
DA:6,3
DA:7,2
LF:4
LH:4
BRDA:6,0,0,1
BRDA:6,0,1,2
BRF:2
BRH:2
end_of_record
TN:
SF:src\repositories\products.repo.ts
FN:6,(anonymous_7)
FN:12,(anonymous_9)
FN:16,(anonymous_11)
FN:19,(anonymous_12)
FN:25,(anonymous_14)
FN:32,(anonymous_16)
FNF:6
FNH:6
FNDA:2,(anonymous_7)
FNDA:1,(anonymous_9)
FNDA:2,(anonymous_11)
FNDA:2,(anonymous_12)
FNDA:2,(anonymous_14)
FNDA:1,(anonymous_16)
DA:1,5
DA:3,5
DA:7,2
DA:8,2
DA:9,1
DA:13,1
DA:14,1
DA:15,1
DA:16,2
DA:20,2
DA:21,2
DA:22,1
DA:26,2
DA:27,2
DA:28,1
DA:29,1
DA:33,1
DA:34,1
DA:38,5
LF:19
LH:19
BRDA:14,0,0,1
BRDA:14,0,1,0
BRDA:21,1,0,1
BRDA:21,1,1,1
BRF:4
BRH:3
end_of_record
TN:
SF:src\routes\index.ts
FNF:0
FNH:0
DA:1,1
DA:2,1
DA:6,1
DA:7,1
DA:11,1
LF:5
LH:5
BRF:0
BRH:0
end_of_record
TN:
SF:src\routes\products.routes.ts
FNF:0
FNH:0
DA:1,1
DA:2,1
DA:3,1
DA:4,1
DA:6,1
DA:8,1
DA:9,1
DA:10,1
DA:11,1
DA:12,1
DA:14,1
LF:11
LH:11
BRF:0
BRH:0
end_of_record
TN:
SF:src\services\products.service.ts
FN:13,(anonymous_8)
FN:19,(anonymous_10)
FN:23,(anonymous_12)
FN:27,(anonymous_14)
FN:32,(anonymous_16)
FNF:5
FNH:5
FNDA:2,(anonymous_8)
FNDA:1,(anonymous_10)
FNDA:2,(anonymous_12)
FNDA:1,(anonymous_14)
FNDA:1,(anonymous_16)
DA:1,3
DA:14,2
DA:15,2
DA:16,2
DA:20,1
DA:24,2
DA:29,1
DA:33,1
DA:37,3
LF:9
LH:9
BRF:0
BRH:0
end_of_record
TN:
SF:src\validators\product.validator.ts
FNF:0
FNH:0
DA:1,2
DA:3,2
DA:12,2
LF:3
LH:3
BRF:0
BRH:0
end_of_record
